<?xml version="1.0" encoding="UTF-8"?>
<coverage generated="1774900706777" clover="3.2.0">
  <project timestamp="1774900706778" name="All files">
    <metrics statements="218" coveredstatements="171" conditionals="152" coveredconditionals="100" methods="84" coveredmethods="57" elements="454" coveredelements="328" complexity="0" loc="218" ncloc="218" packages="8" files="15" classes="15"/>
    <package name="src">
      <metrics statements="8" coveredstatements="8" conditionals="0" coveredconditionals="0" methods="6" coveredmethods="3"/>
      <file name="App.tsx" path="C:\Users\Glauber\codes\ReqStudio\reqstudio\reqstudio-ui\src\App.tsx">
        <metrics statements="8" coveredstatements="8" conditionals="0" coveredconditionals="0" methods="6" coveredmethods="3"/>
        <line num="8" count="1" type="stmt"/>
        <line num="18" count="1" type="stmt"/>
        <line num="19" count="1" type="stmt"/>
        <line num="20" count="1" type="stmt"/>
        <line num="21" count="1" type="stmt"/>
        <line num="23" count="1" type="stmt"/>
        <line num="24" count="1" type="stmt"/>
        <line num="34" count="1" type="stmt"/>
      </file>
    </package>
    <package name="src.components">
      <metrics statements="92" coveredstatements="85" conditionals="91" coveredconditionals="78" methods="32" coveredmethods="25"/>
      <file name="ArchiveConfirm.tsx" path="C:\Users\Glauber\codes\ReqStudio\reqstudio\reqstudio-ui\src\components\ArchiveConfirm.tsx">
        <metrics statements="12" coveredstatements="12" conditionals="14" coveredconditionals="14" methods="2" coveredmethods="2"/>
        <line num="17" count="13" type="stmt"/>
        <line num="18" count="13" type="stmt"/>
        <line num="19" count="13" type="stmt"/>
        <line num="21" count="13" type="stmt"/>
        <line num="22" count="3" type="stmt"/>
        <line num="23" count="3" type="stmt"/>
        <line num="24" count="3" type="stmt"/>
        <line num="27" count="3" type="stmt"/>
        <line num="28" count="3" type="stmt"/>
        <line num="29" count="3" type="stmt"/>
        <line num="31" count="3" type="stmt"/>
        <line num="35" count="13" type="stmt"/>
      </file>
      <file name="ProjectCard.tsx" path="C:\Users\Glauber\codes\ReqStudio\reqstudio\reqstudio-ui\src\components\ProjectCard.tsx">
        <metrics statements="24" coveredstatements="20" conditionals="25" coveredconditionals="15" methods="11" coveredmethods="8"/>
        <line num="10" count="1" type="stmt"/>
        <line num="22" count="13" type="cond" truecount="1" falsecount="1"/>
        <line num="23" count="13" type="cond" truecount="1" falsecount="1"/>
        <line num="27" count="13" type="stmt"/>
        <line num="33" count="13" type="stmt"/>
        <line num="34" count="13" type="cond" truecount="1" falsecount="1"/>
        <line num="35" count="0" type="cond" truecount="0" falsecount="2"/>
        <line num="36" count="13" type="cond" truecount="0" falsecount="2"/>
        <line num="37" count="13" type="stmt"/>
        <line num="46" count="13" type="stmt"/>
        <line num="47" count="13" type="stmt"/>
        <line num="48" count="13" type="stmt"/>
        <line num="49" count="13" type="stmt"/>
        <line num="51" count="13" type="stmt"/>
        <line num="52" count="13" type="stmt"/>
        <line num="54" count="13" type="stmt"/>
        <line num="56" count="1" type="cond" truecount="1" falsecount="1"/>
        <line num="57" count="1" type="stmt"/>
        <line num="60" count="13" type="stmt"/>
        <line num="80" count="3" type="stmt"/>
        <line num="92" count="1" type="stmt"/>
        <line num="99" count="0" type="stmt"/>
        <line num="110" count="0" type="stmt"/>
        <line num="114" count="0" type="stmt"/>
      </file>
      <file name="ProjectModal.tsx" path="C:\Users\Glauber\codes\ReqStudio\reqstudio\reqstudio-ui\src\components\ProjectModal.tsx">
        <metrics statements="52" coveredstatements="49" conditionals="48" coveredconditionals="45" methods="18" coveredmethods="14"/>
        <line num="17" count="1" type="stmt"/>
        <line num="39" count="73" type="stmt"/>
        <line num="40" count="73" type="stmt"/>
        <line num="41" count="73" type="stmt"/>
        <line num="43" count="73" type="stmt"/>
        <line num="48" count="73" type="stmt"/>
        <line num="49" count="73" type="stmt"/>
        <line num="50" count="73" type="stmt"/>
        <line num="51" count="73" type="stmt"/>
        <line num="54" count="73" type="stmt"/>
        <line num="55" count="11" type="cond" truecount="2" falsecount="0"/>
        <line num="56" count="3" type="stmt"/>
        <line num="62" count="8" type="stmt"/>
        <line num="64" count="11" type="stmt"/>
        <line num="65" count="11" type="stmt"/>
        <line num="66" count="11" type="stmt"/>
        <line num="70" count="73" type="stmt"/>
        <line num="71" count="11" type="cond" truecount="2" falsecount="0"/>
        <line num="75" count="73" type="stmt"/>
        <line num="76" count="42" type="cond" truecount="2" falsecount="0"/>
        <line num="77" count="11" type="stmt"/>
        <line num="78" count="11" type="stmt"/>
        <line num="81" count="73" type="cond" truecount="2" falsecount="0"/>
        <line num="83" count="71" type="stmt"/>
        <line num="84" count="5" type="stmt"/>
        <line num="85" count="5" type="cond" truecount="2" falsecount="0"/>
        <line num="86" count="5" type="stmt"/>
        <line num="87" count="5" type="stmt"/>
        <line num="90" count="71" type="stmt"/>
        <line num="91" count="5" type="stmt"/>
        <line num="92" count="5" type="cond" truecount="2" falsecount="0"/>
        <line num="93" count="4" type="stmt"/>
        <line num="94" count="4" type="stmt"/>
        <line num="96" count="4" type="stmt"/>
        <line num="97" count="4" type="stmt"/>
        <line num="103" count="5" type="cond" truecount="4" falsecount="0"/>
        <line num="104" count="1" type="stmt"/>
        <line num="106" count="3" type="stmt"/>
        <line num="110" count="3" type="stmt"/>
        <line num="111" count="3" type="stmt"/>
        <line num="112" count="3" type="stmt"/>
        <line num="114" count="1" type="cond" truecount="1" falsecount="1"/>
        <line num="115" count="1" type="stmt"/>
        <line num="117" count="0" type="stmt"/>
        <line num="120" count="4" type="stmt"/>
        <line num="124" count="71" type="stmt"/>
        <line num="142" count="9" type="stmt"/>
        <line num="200" count="42" type="stmt"/>
        <line num="201" count="42" type="stmt"/>
        <line num="218" count="0" type="stmt"/>
        <line num="222" count="639" type="stmt"/>
        <line num="234" count="0" type="stmt"/>
      </file>
      <file name="ProtectedRoute.tsx" path="C:\Users\Glauber\codes\ReqStudio\reqstudio\reqstudio-ui\src\components\ProtectedRoute.tsx">
        <metrics statements="4" coveredstatements="4" conditionals="4" coveredconditionals="4" methods="1" coveredmethods="1"/>
        <line num="12" count="4" type="stmt"/>
        <line num="14" count="4" type="cond" truecount="2" falsecount="0"/>
        <line num="15" count="1" type="stmt"/>
        <line num="25" count="3" type="cond" truecount="2" falsecount="0"/>
      </file>
    </package>
    <package name="src.components.ui">
      <metrics statements="5" coveredstatements="5" conditionals="5" coveredconditionals="4" methods="3" coveredmethods="3"/>
      <file name="button.tsx" path="C:\Users\Glauber\codes\ReqStudio\reqstudio\reqstudio-ui\src\components\ui\button.tsx">
        <metrics statements="3" coveredstatements="3" conditionals="5" coveredconditionals="4" methods="1" coveredmethods="1"/>
        <line num="7" count="3" type="stmt"/>
        <line num="54" count="168" type="cond" truecount="1" falsecount="1"/>
        <line num="56" count="168" type="stmt"/>
      </file>
      <file name="input.tsx" path="C:\Users\Glauber\codes\ReqStudio\reqstudio\reqstudio-ui\src\components\ui\input.tsx">
        <metrics statements="1" coveredstatements="1" conditionals="0" coveredconditionals="0" methods="1" coveredmethods="1"/>
        <line num="6" count="71" type="stmt"/>
      </file>
      <file name="label.tsx" path="C:\Users\Glauber\codes\ReqStudio\reqstudio\reqstudio-ui\src\components\ui\label.tsx">
        <metrics statements="1" coveredstatements="1" conditionals="0" coveredconditionals="0" methods="1" coveredmethods="1"/>
        <line num="10" count="213" type="stmt"/>
      </file>
    </package>
    <package name="src.contexts">
      <metrics statements="53" coveredstatements="49" conditionals="20" coveredconditionals="9" methods="17" coveredmethods="14"/>
      <file name="AuthContext.tsx" path="C:\Users\Glauber\codes\ReqStudio\reqstudio\reqstudio-ui\src\contexts\AuthContext.tsx">
        <metrics statements="36" coveredstatements="36" conditionals="6" coveredconditionals="3" methods="11" coveredmethods="11"/>
        <line num="37" count="2" type="stmt"/>
        <line num="40" count="17" type="stmt"/>
        <line num="47" count="17" type="stmt"/>
        <line num="48" count="7" type="stmt"/>
        <line num="51" count="7" type="stmt"/>
        <line num="52" count="7" type="stmt"/>
        <line num="53" count="3" type="stmt"/>
        <line num="54" count="3" type="stmt"/>
        <line num="55" count="3" type="cond" truecount="1" falsecount="1"/>
        <line num="56" count="3" type="stmt"/>
        <line num="60" count="3" type="cond" truecount="1" falsecount="1"/>
        <line num="61" count="3" type="stmt"/>
        <line num="66" count="7" type="stmt"/>
        <line num="67" count="7" type="stmt"/>
        <line num="71" count="17" type="stmt"/>
        <line num="72" count="7" type="stmt"/>
        <line num="73" count="1" type="stmt"/>
        <line num="74" count="1" type="stmt"/>
        <line num="76" count="7" type="stmt"/>
        <line num="77" count="7" type="stmt"/>
        <line num="82" count="17" type="stmt"/>
        <line num="83" count="2" type="stmt"/>
        <line num="84" count="2" type="stmt"/>
        <line num="85" count="2" type="stmt"/>
        <line num="86" count="2" type="stmt"/>
        <line num="89" count="17" type="stmt"/>
        <line num="90" count="1" type="stmt"/>
        <line num="92" count="1" type="stmt"/>
        <line num="95" count="17" type="stmt"/>
        <line num="96" count="1" type="stmt"/>
        <line num="97" count="1" type="stmt"/>
        <line num="98" count="1" type="stmt"/>
        <line num="101" count="17" type="stmt"/>
        <line num="109" count="16" type="stmt"/>
        <line num="110" count="16" type="cond" truecount="1" falsecount="1"/>
        <line num="111" count="16" type="stmt"/>
      </file>
      <file name="ThemeContext.tsx" path="C:\Users\Glauber\codes\ReqStudio\reqstudio\reqstudio-ui\src\contexts\ThemeContext.tsx">
        <metrics statements="17" coveredstatements="13" conditionals="14" coveredconditionals="6" methods="6" coveredmethods="3"/>
        <line num="10" count="1" type="stmt"/>
        <line num="13" count="1" type="stmt"/>
        <line num="15" count="1" type="stmt"/>
        <line num="16" count="1" type="cond" truecount="3" falsecount="1"/>
        <line num="19" count="1" type="cond" truecount="1" falsecount="1"/>
        <line num="21" count="1" type="cond" truecount="1" falsecount="1"/>
        <line num="24" count="1" type="stmt"/>
        <line num="25" count="1" type="stmt"/>
        <line num="26" count="1" type="cond" truecount="1" falsecount="1"/>
        <line num="27" count="0" type="stmt"/>
        <line num="29" count="1" type="stmt"/>
        <line num="31" count="1" type="stmt"/>
        <line num="34" count="1" type="cond" truecount="0" falsecount="2"/>
        <line num="36" count="1" type="stmt"/>
        <line num="44" count="0" type="stmt"/>
        <line num="45" count="0" type="cond" truecount="0" falsecount="2"/>
        <line num="46" count="0" type="stmt"/>
      </file>
    </package>
    <package name="src.hooks">
      <metrics statements="3" coveredstatements="3" conditionals="2" coveredconditionals="2" methods="4" coveredmethods="4"/>
      <file name="useProjects.ts" path="C:\Users\Glauber\codes\ReqStudio\reqstudio\reqstudio-ui\src\hooks\useProjects.ts">
        <metrics statements="3" coveredstatements="3" conditionals="2" coveredconditionals="2" methods="4" coveredmethods="4"/>
        <line num="9" count="16" type="cond" truecount="1" falsecount="0"/>
        <line num="12" count="7" type="stmt"/>
        <line num="14" count="5" type="stmt"/>
      </file>
    </package>
    <package name="src.lib">
      <metrics statements="1" coveredstatements="1" conditionals="0" coveredconditionals="0" methods="1" coveredmethods="1"/>
      <file name="utils.ts" path="C:\Users\Glauber\codes\ReqStudio\reqstudio\reqstudio-ui\src\lib\utils.ts">
        <metrics statements="1" coveredstatements="1" conditionals="0" coveredconditionals="0" methods="1" coveredmethods="1"/>
        <line num="5" count="452" type="stmt"/>
      </file>
    </package>
    <package name="src.services">
      <metrics statements="49" coveredstatements="13" conditionals="31" coveredconditionals="4" methods="17" coveredmethods="3"/>
      <file name="apiClient.ts" path="C:\Users\Glauber\codes\ReqStudio\reqstudio\reqstudio-ui\src\services\apiClient.ts">
        <metrics statements="36" coveredstatements="11" conditionals="22" coveredconditionals="3" methods="12" coveredmethods="3"/>
        <line num="11" count="6" type="cond" truecount="1" falsecount="1"/>
        <line num="25" count="2" type="stmt"/>
        <line num="26" count="2" type="stmt"/>
        <line num="27" count="2" type="stmt"/>
        <line num="32" count="6" type="stmt"/>
        <line num="34" count="6" type="stmt"/>
        <line num="37" count="0" type="stmt"/>
        <line num="41" count="0" type="stmt"/>
        <line num="45" count="0" type="stmt"/>
        <line num="49" count="0" type="cond" truecount="0" falsecount="2"/>
        <line num="50" count="0" type="stmt"/>
        <line num="51" count="0" type="cond" truecount="0" falsecount="2"/>
        <line num="52" count="0" type="cond" truecount="0" falsecount="2"/>
        <line num="53" count="0" type="stmt"/>
        <line num="61" count="1" type="stmt"/>
        <line num="66" count="1" type="cond" truecount="1" falsecount="1"/>
        <line num="67" count="0" type="stmt"/>
        <line num="70" count="1" type="stmt"/>
        <line num="77" count="0" type="cond" truecount="0" falsecount="5"/>
        <line num="78" count="0" type="stmt"/>
        <line num="79" count="0" type="cond" truecount="0" falsecount="2"/>
        <line num="80" count="0" type="stmt"/>
        <line num="83" count="0" type="stmt"/>
        <line num="84" count="0" type="stmt"/>
        <line num="85" count="0" type="stmt"/>
        <line num="91" count="0" type="stmt"/>
        <line num="92" count="0" type="cond" truecount="0" falsecount="2"/>
        <line num="93" count="0" type="stmt"/>
        <line num="95" count="0" type="stmt"/>
        <line num="113" count="6" type="stmt"/>
        <line num="115" count="0" type="stmt"/>
        <line num="121" count="0" type="stmt"/>
        <line num="127" count="1" type="stmt"/>
        <line num="129" count="0" type="stmt"/>
        <line num="132" count="0" type="stmt"/>
        <line num="135" count="0" type="stmt"/>
      </file>
      <file name="projectsApi.ts" path="C:\Users\Glauber\codes\ReqStudio\reqstudio\reqstudio-ui\src\services\projectsApi.ts">
        <metrics statements="13" coveredstatements="2" conditionals="9" coveredconditionals="1" methods="5" coveredmethods="0"/>
        <line num="8" count="4" type="cond" truecount="1" falsecount="1"/>
        <line num="11" count="0" type="stmt"/>
        <line num="15" count="0" type="stmt"/>
        <line num="16" count="0" type="cond" truecount="0" falsecount="2"/>
        <line num="18" count="0" type="stmt"/>
        <line num="24" count="0" type="stmt"/>
        <line num="25" count="0" type="cond" truecount="0" falsecount="2"/>
        <line num="26" count="0" type="stmt"/>
        <line num="66" count="4" type="stmt"/>
        <line num="68" count="0" type="stmt"/>
        <line num="73" count="0" type="stmt"/>
        <line num="76" count="0" type="stmt"/>
        <line num="82" count="0" type="stmt"/>
      </file>
    </package>
    <package name="src.test">
      <metrics statements="7" coveredstatements="7" conditionals="3" coveredconditionals="3" methods="4" coveredmethods="4"/>
      <file name="utils.tsx" path="C:\Users\Glauber\codes\ReqStudio\reqstudio\reqstudio-ui\src\test\utils.tsx">
        <metrics statements="7" coveredstatements="7" conditionals="3" coveredconditionals="3" methods="4" coveredmethods="4"/>
        <line num="14" count="37" type="stmt"/>
        <line num="27" count="37" type="stmt"/>
        <line num="28" count="37" type="stmt"/>
        <line num="37" count="5" type="stmt"/>
        <line num="41" count="37" type="cond" truecount="2" falsecount="0"/>
        <line num="42" count="37" type="stmt"/>
        <line num="44" count="37" type="stmt"/>
      </file>
    </package>
  </project>
</coverage>
