{"C:\\Users\\Glauber\\codes\\ReqStudio\\reqstudio\\reqstudio-ui\\src\\App.tsx": {"path":"C:\\Users\\Glauber\\codes\\ReqStudio\\reqstudio\\reqstudio-ui\\src\\App.tsx","statementMap":{"0":{"start":{"line":8,"column":20},"end":{"line":15,"column":2}},"1":{"start":{"line":18,"column":6},"end":{"line":18,"column":null}},"2":{"start":{"line":18,"column":37},"end":{"line":18,"column":null}},"3":{"start":{"line":19,"column":6},"end":{"line":19,"column":null}},"4":{"start":{"line":19,"column":37},"end":{"line":19,"column":null}},"5":{"start":{"line":20,"column":6},"end":{"line":20,"column":null}},"6":{"start":{"line":20,"column":37},"end":{"line":20,"column":null}},"7":{"start":{"line":21,"column":6},"end":{"line":21,"column":null}},"8":{"start":{"line":21,"column":37},"end":{"line":21,"column":null}},"9":{"start":{"line":23,"column":6},"end":{"line":29,"column":null}},"10":{"start":{"line":24,"column":2},"end":{"line":29,"column":null}},"11":{"start":{"line":34,"column":2},"end":{"line":60,"column":null}}},"fnMap":{"0":{"name":"(anonymous_0)","decl":{"start":{"line":18,"column":26},"end":{"line":18,"column":37}},"loc":{"start":{"line":18,"column":37},"end":{"line":18,"column":null}},"line":18},"1":{"name":"(anonymous_1)","decl":{"start":{"line":19,"column":26},"end":{"line":19,"column":37}},"loc":{"start":{"line":19,"column":37},"end":{"line":19,"column":null}},"line":19},"2":{"name":"(anonymous_2)","decl":{"start":{"line":20,"column":26},"end":{"line":20,"column":37}},"loc":{"start":{"line":20,"column":37},"end":{"line":20,"column":null}},"line":20},"3":{"name":"(anonymous_3)","decl":{"start":{"line":21,"column":26},"end":{"line":21,"column":37}},"loc":{"start":{"line":21,"column":37},"end":{"line":21,"column":null}},"line":21},"4":{"name":"(anonymous_4)","decl":{"start":{"line":23,"column":6},"end":{"line":23,"column":null}},"loc":{"start":{"line":24,"column":2},"end":{"line":29,"column":null}},"line":24},"5":{"name":"App","decl":{"start":{"line":33,"column":24},"end":{"line":33,"column":30}},"loc":{"start":{"line":33,"column":30},"end":{"line":60,"column":null}},"line":33}},"branchMap":{},"s":{"0":1,"1":1,"2":1,"3":1,"4":0,"5":1,"6":0,"7":1,"8":0,"9":1,"10":1,"11":1},"f":{"0":1,"1":0,"2":0,"3":0,"4":1,"5":1},"b":{},"meta":{"lastBranch":0,"lastFunction":6,"lastStatement":12,"seen":{"s:8:20:15:2":0,"s:18:6:18:Infinity":1,"f:18:26:18:37":0,"s:18:37:18:Infinity":2,"s:19:6:19:Infinity":3,"f:19:26:19:37":1,"s:19:37:19:Infinity":4,"s:20:6:20:Infinity":5,"f:20:26:20:37":2,"s:20:37:20:Infinity":6,"s:21:6:21:Infinity":7,"f:21:26:21:37":3,"s:21:37:21:Infinity":8,"s:23:6:29:Infinity":9,"f:23:6:23:Infinity":4,"s:24:2:29:Infinity":10,"f:33:24:33:30":5,"s:34:2:60:Infinity":11}}}
,"C:\\Users\\Glauber\\codes\\ReqStudio\\reqstudio\\reqstudio-ui\\src\\components\\ArchiveConfirm.tsx": {"path":"C:\\Users\\Glauber\\codes\\ReqStudio\\reqstudio\\reqstudio-ui\\src\\components\\ArchiveConfirm.tsx","statementMap":{"0":{"start":{"line":17,"column":8},"end":{"line":17,"column":29}},"1":{"start":{"line":18,"column":18},"end":{"line":18,"column":47}},"2":{"start":{"line":19,"column":21},"end":{"line":19,"column":null}},"3":{"start":{"line":21,"column":17},"end":{"line":31,"column":null}},"4":{"start":{"line":22,"column":4},"end":{"line":22,"column":null}},"5":{"start":{"line":23,"column":4},"end":{"line":31,"column":null}},"6":{"start":{"line":24,"column":6},"end":{"line":26,"column":null}},"7":{"start":{"line":27,"column":6},"end":{"line":27,"column":null}},"8":{"start":{"line":28,"column":6},"end":{"line":28,"column":null}},"9":{"start":{"line":29,"column":6},"end":{"line":29,"column":null}},"10":{"start":{"line":31,"column":6},"end":{"line":31,"column":null}},"11":{"start":{"line":35,"column":2},"end":{"line":62,"column":null}}},"fnMap":{"0":{"name":"ArchiveConfirm","decl":{"start":{"line":16,"column":16},"end":{"line":16,"column":31}},"loc":{"start":{"line":16,"column":60},"end":{"line":62,"column":null}},"line":16},"1":{"name":"(anonymous_1)","decl":{"start":{"line":21,"column":17},"end":{"line":21,"column":29}},"loc":{"start":{"line":21,"column":29},"end":{"line":31,"column":null}},"line":21}},"branchMap":{"0":{"loc":{"start":{"line":25,"column":16},"end":{"line":25,"column":null}},"type":"cond-expr","locations":[{"start":{"line":25,"column":29},"end":{"line":25,"column":40}},{"start":{"line":25,"column":40},"end":{"line":25,"column":null}}],"line":25},"1":{"loc":{"start":{"line":41,"column":9},"end":{"line":43,"column":null}},"type":"cond-expr","locations":[{"start":{"line":42,"column":12},"end":{"line":42,"column":null}},{"start":{"line":43,"column":12},"end":{"line":43,"column":null}}],"line":41},"2":{"loc":{"start":{"line":46,"column":9},"end":{"line":48,"column":null}},"type":"cond-expr","locations":[{"start":{"line":47,"column":12},"end":{"line":47,"column":null}},{"start":{"line":48,"column":12},"end":{"line":48,"column":null}}],"line":46},"3":{"loc":{"start":{"line":58,"column":14},"end":{"line":58,"column":null}},"type":"cond-expr","locations":[{"start":{"line":58,"column":27},"end":{"line":58,"column":51}},{"start":{"line":58,"column":51},"end":{"line":58,"column":null}}],"line":58},"4":{"loc":{"start":{"line":59,"column":17},"end":{"line":59,"column":null}},"type":"cond-expr","locations":[{"start":{"line":59,"column":31},"end":{"line":59,"column":90}},{"start":{"line":59,"column":90},"end":{"line":59,"column":null}}],"line":59},"5":{"loc":{"start":{"line":61,"column":11},"end":{"line":61,"column":null}},"type":"cond-expr","locations":[{"start":{"line":61,"column":21},"end":{"line":61,"column":29}},{"start":{"line":61,"column":29},"end":{"line":61,"column":null}}],"line":61},"6":{"loc":{"start":{"line":61,"column":29},"end":{"line":61,"column":null}},"type":"cond-expr","locations":[{"start":{"line":61,"column":42},"end":{"line":61,"column":56}},{"start":{"line":61,"column":56},"end":{"line":61,"column":null}}],"line":61}},"s":{"0":13,"1":13,"2":13,"3":13,"4":3,"5":3,"6":3,"7":3,"8":3,"9":3,"10":3,"11":13},"f":{"0":13,"1":3},"b":{"0":[1,2],"1":[4,9],"2":[4,9],"3":[4,9],"4":[9,4],"5":[3,10],"6":[3,7]},"meta":{"lastBranch":7,"lastFunction":2,"lastStatement":12,"seen":{"f:16:16:16:31":0,"s:17:8:17:29":0,"s:18:18:18:47":1,"s:19:21:19:Infinity":2,"s:21:17:31:Infinity":3,"f:21:17:21:29":1,"s:22:4:22:Infinity":4,"s:23:4:31:Infinity":5,"s:24:6:26:Infinity":6,"b:25:29:25:40:25:40:25:Infinity":0,"s:27:6:27:Infinity":7,"s:28:6:28:Infinity":8,"s:29:6:29:Infinity":9,"s:31:6:31:Infinity":10,"s:35:2:62:Infinity":11,"b:42:12:42:Infinity:43:12:43:Infinity":1,"b:47:12:47:Infinity:48:12:48:Infinity":2,"b:58:27:58:51:58:51:58:Infinity":3,"b:59:31:59:90:59:90:59:Infinity":4,"b:61:21:61:29:61:29:61:Infinity":5,"b:61:42:61:56:61:56:61:Infinity":6}}}
,"C:\\Users\\Glauber\\codes\\ReqStudio\\reqstudio\\reqstudio-ui\\src\\components\\ProjectCard.tsx": {"path":"C:\\Users\\Glauber\\codes\\ReqStudio\\reqstudio\\reqstudio-ui\\src\\components\\ProjectCard.tsx","statementMap":{"0":{"start":{"line":10,"column":46},"end":{"line":19,"column":null}},"1":{"start":{"line":22,"column":2},"end":{"line":22,"column":null}},"2":{"start":{"line":22,"column":15},"end":{"line":22,"column":null}},"3":{"start":{"line":23,"column":2},"end":{"line":23,"column":null}},"4":{"start":{"line":27,"column":2},"end":{"line":29,"column":null}},"5":{"start":{"line":33,"column":13},"end":{"line":33,"column":null}},"6":{"start":{"line":34,"column":2},"end":{"line":34,"column":null}},"7":{"start":{"line":34,"column":11},"end":{"line":34,"column":null}},"8":{"start":{"line":35,"column":20},"end":{"line":35,"column":null}},"9":{"start":{"line":36,"column":16},"end":{"line":36,"column":null}},"10":{"start":{"line":37,"column":2},"end":{"line":37,"column":null}},"11":{"start":{"line":46,"column":8},"end":{"line":46,"column":32}},"12":{"start":{"line":47,"column":8},"end":{"line":47,"column":46}},"13":{"start":{"line":48,"column":19},"end":{"line":48,"column":49}},"14":{"start":{"line":49,"column":22},"end":{"line":49,"column":55}},"15":{"start":{"line":51,"column":19},"end":{"line":51,"column":39}},"16":{"start":{"line":52,"column":16},"end":{"line":52,"column":55}},"17":{"start":{"line":54,"column":8},"end":{"line":57,"column":null}},"18":{"start":{"line":56,"column":4},"end":{"line":56,"column":null}},"19":{"start":{"line":56,"column":53},"end":{"line":56,"column":null}},"20":{"start":{"line":57,"column":4},"end":{"line":57,"column":null}},"21":{"start":{"line":60,"column":2},"end":{"line":169,"column":null}},"22":{"start":{"line":80,"column":28},"end":{"line":80,"column":49}},"23":{"start":{"line":80,"column":49},"end":{"line":80,"column":71}},"24":{"start":{"line":80,"column":66},"end":{"line":80,"column":69}},"25":{"start":{"line":80,"column":71},"end":{"line":80,"column":null}},"26":{"start":{"line":92,"column":32},"end":{"line":92,"column":53}},"27":{"start":{"line":92,"column":53},"end":{"line":92,"column":73}},"28":{"start":{"line":92,"column":73},"end":{"line":92,"column":null}},"29":{"start":{"line":99,"column":32},"end":{"line":99,"column":53}},"30":{"start":{"line":99,"column":53},"end":{"line":99,"column":73}},"31":{"start":{"line":99,"column":73},"end":{"line":99,"column":null}},"32":{"start":{"line":110,"column":28},"end":{"line":110,"column":47}},"33":{"start":{"line":114,"column":31},"end":{"line":114,"column":null}}},"fnMap":{"0":{"name":"getDomainColor","decl":{"start":{"line":21,"column":9},"end":{"line":21,"column":24}},"loc":{"start":{"line":21,"column":55},"end":{"line":23,"column":null}},"line":21},"1":{"name":"formatDate","decl":{"start":{"line":26,"column":9},"end":{"line":26,"column":20}},"loc":{"start":{"line":26,"column":41},"end":{"line":29,"column":null}},"line":26},"2":{"name":"getProgress","decl":{"start":{"line":32,"column":9},"end":{"line":32,"column":21}},"loc":{"start":{"line":32,"column":47},"end":{"line":37,"column":null}},"line":32},"3":{"name":"ProjectCard","decl":{"start":{"line":45,"column":16},"end":{"line":45,"column":28}},"loc":{"start":{"line":45,"column":56},"end":{"line":169,"column":null}},"line":45},"4":{"name":"(anonymous_4)","decl":{"start":{"line":54,"column":8},"end":{"line":54,"column":27}},"loc":{"start":{"line":54,"column":51},"end":{"line":57,"column":null}},"line":54},"5":{"name":"(anonymous_5)","decl":{"start":{"line":80,"column":12},"end":{"line":80,"column":21}},"loc":{"start":{"line":80,"column":26},"end":{"line":80,"column":null}},"line":80},"6":{"name":"(anonymous_6)","decl":{"start":{"line":80,"column":49},"end":{"line":80,"column":61}},"loc":{"start":{"line":80,"column":66},"end":{"line":80,"column":69}},"line":80},"7":{"name":"(anonymous_7)","decl":{"start":{"line":92,"column":16},"end":{"line":92,"column":25}},"loc":{"start":{"line":92,"column":30},"end":{"line":92,"column":null}},"line":92},"8":{"name":"(anonymous_8)","decl":{"start":{"line":99,"column":16},"end":{"line":99,"column":25}},"loc":{"start":{"line":99,"column":30},"end":{"line":99,"column":null}},"line":99},"9":{"name":"(anonymous_9)","decl":{"start":{"line":110,"column":14},"end":{"line":110,"column":23}},"loc":{"start":{"line":110,"column":28},"end":{"line":110,"column":47}},"line":110},"10":{"name":"(anonymous_10)","decl":{"start":{"line":114,"column":16},"end":{"line":114,"column":31}},"loc":{"start":{"line":114,"column":31},"end":{"line":114,"column":null}},"line":114}},"branchMap":{"0":{"loc":{"start":{"line":22,"column":2},"end":{"line":22,"column":null}},"type":"if","locations":[{"start":{"line":22,"column":2},"end":{"line":22,"column":null}},{"start":{},"end":{}}],"line":22},"1":{"loc":{"start":{"line":23,"column":9},"end":{"line":23,"column":null}},"type":"binary-expr","locations":[{"start":{"line":23,"column":9},"end":{"line":23,"column":34}},{"start":{"line":23,"column":34},"end":{"line":23,"column":null}}],"line":23},"2":{"loc":{"start":{"line":34,"column":2},"end":{"line":34,"column":null}},"type":"if","locations":[{"start":{"line":34,"column":2},"end":{"line":34,"column":null}},{"start":{},"end":{}}],"line":34},"3":{"loc":{"start":{"line":35,"column":20},"end":{"line":35,"column":null}},"type":"cond-expr","locations":[{"start":{"line":35,"column":65},"end":{"line":35,"column":100}},{"start":{"line":35,"column":100},"end":{"line":35,"column":null}}],"line":35},"4":{"loc":{"start":{"line":36,"column":16},"end":{"line":36,"column":null}},"type":"cond-expr","locations":[{"start":{"line":36,"column":57},"end":{"line":36,"column":88}},{"start":{"line":36,"column":88},"end":{"line":36,"column":null}}],"line":36},"5":{"loc":{"start":{"line":56,"column":4},"end":{"line":56,"column":null}},"type":"if","locations":[{"start":{"line":56,"column":4},"end":{"line":56,"column":null}},{"start":{},"end":{}}],"line":56},"6":{"loc":{"start":{"line":87,"column":11},"end":{"line":102,"column":null}},"type":"binary-expr","locations":[{"start":{"line":87,"column":11},"end":{"line":87,"column":23}},{"start":{"line":87,"column":23},"end":{"line":87,"column":null}},{"start":{"line":88,"column":12},"end":{"line":102,"column":null}}],"line":87},"7":{"loc":{"start":{"line":101,"column":17},"end":{"line":101,"column":null}},"type":"cond-expr","locations":[{"start":{"line":101,"column":49},"end":{"line":101,"column":66}},{"start":{"line":101,"column":66},"end":{"line":101,"column":null}}],"line":101},"8":{"loc":{"start":{"line":107,"column":11},"end":{"line":116,"column":null}},"type":"binary-expr","locations":[{"start":{"line":107,"column":11},"end":{"line":107,"column":null}},{"start":{"line":108,"column":12},"end":{"line":116,"column":null}}],"line":107},"9":{"loc":{"start":{"line":127,"column":11},"end":{"line":136,"column":null}},"type":"binary-expr","locations":[{"start":{"line":127,"column":11},"end":{"line":127,"column":null}},{"start":{"line":128,"column":12},"end":{"line":136,"column":null}}],"line":127},"10":{"loc":{"start":{"line":139,"column":9},"end":{"line":140,"column":null}},"type":"binary-expr","locations":[{"start":{"line":139,"column":9},"end":{"line":139,"column":null}},{"start":{"line":140,"column":10},"end":{"line":140,"column":null}}],"line":139},"11":{"loc":{"start":{"line":142,"column":9},"end":{"line":145,"column":null}},"type":"binary-expr","locations":[{"start":{"line":142,"column":9},"end":{"line":142,"column":null}},{"start":{"line":143,"column":10},"end":{"line":145,"column":null}}],"line":142}},"s":{"0":1,"1":13,"2":0,"3":13,"4":13,"5":13,"6":13,"7":13,"8":0,"9":13,"10":13,"11":13,"12":13,"13":13,"14":13,"15":13,"16":13,"17":13,"18":1,"19":0,"20":1,"21":13,"22":3,"23":3,"24":3,"25":3,"26":1,"27":1,"28":1,"29":0,"30":0,"31":0,"32":0,"33":0},"f":{"0":13,"1":13,"2":13,"3":13,"4":1,"5":3,"6":3,"7":1,"8":0,"9":0,"10":0},"b":{"0":[0,13],"1":[13,0],"2":[13,0],"3":[0,0],"4":[0,0],"5":[0,1],"6":[13,3,3],"7":[0,3],"8":[13,0],"9":[13,1],"10":[13,13],"11":[13,13]},"meta":{"lastBranch":12,"lastFunction":11,"lastStatement":34,"seen":{"s:10:46:19:Infinity":0,"f:21:9:21:24":0,"b:22:2:22:Infinity:undefined:undefined:undefined:undefined":0,"s:22:2:22:Infinity":1,"s:22:15:22:Infinity":2,"s:23:2:23:Infinity":3,"b:23:9:23:34:23:34:23:Infinity":1,"f:26:9:26:20":1,"s:27:2:29:Infinity":4,"f:32:9:32:21":2,"s:33:13:33:Infinity":5,"b:34:2:34:Infinity:undefined:undefined:undefined:undefined":2,"s:34:2:34:Infinity":6,"s:34:11:34:Infinity":7,"s:35:20:35:Infinity":8,"b:35:65:35:100:35:100:35:Infinity":3,"s:36:16:36:Infinity":9,"b:36:57:36:88:36:88:36:Infinity":4,"s:37:2:37:Infinity":10,"f:45:16:45:28":3,"s:46:8:46:32":11,"s:47:8:47:46":12,"s:48:19:48:49":13,"s:49:22:49:55":14,"s:51:19:51:39":15,"s:52:16:52:55":16,"s:54:8:57:Infinity":17,"f:54:8:54:27":4,"b:56:4:56:Infinity:undefined:undefined:undefined:undefined":5,"s:56:4:56:Infinity":18,"s:56:53:56:Infinity":19,"s:57:4:57:Infinity":20,"s:60:2:169:Infinity":21,"f:80:12:80:21":5,"s:80:28:80:49":22,"s:80:49:80:71":23,"f:80:49:80:61":6,"s:80:66:80:69":24,"s:80:71:80:Infinity":25,"b:87:11:87:23:87:23:87:Infinity:88:12:102:Infinity":6,"f:92:16:92:25":7,"s:92:32:92:53":26,"s:92:53:92:73":27,"s:92:73:92:Infinity":28,"f:99:16:99:25":8,"s:99:32:99:53":29,"s:99:53:99:73":30,"s:99:73:99:Infinity":31,"b:101:49:101:66:101:66:101:Infinity":7,"b:107:11:107:Infinity:108:12:116:Infinity":8,"f:110:14:110:23":9,"s:110:28:110:47":32,"f:114:16:114:31":10,"s:114:31:114:Infinity":33,"b:127:11:127:Infinity:128:12:136:Infinity":9,"b:139:9:139:Infinity:140:10:140:Infinity":10,"b:142:9:142:Infinity:143:10:145:Infinity":11}}}
,"C:\\Users\\Glauber\\codes\\ReqStudio\\reqstudio\\reqstudio-ui\\src\\components\\ProjectModal.tsx": {"path":"C:\\Users\\Glauber\\codes\\ReqStudio\\reqstudio\\reqstudio-ui\\src\\components\\ProjectModal.tsx","statementMap":{"0":{"start":{"line":17,"column":16},"end":{"line":20,"column":null}},"1":{"start":{"line":39,"column":8},"end":{"line":39,"column":29}},"2":{"start":{"line":40,"column":8},"end":{"line":40,"column":48}},"3":{"start":{"line":41,"column":17},"end":{"line":41,"column":null}},"4":{"start":{"line":43,"column":15},"end":{"line":47,"column":4}},"5":{"start":{"line":48,"column":22},"end":{"line":48,"column":65}},"6":{"start":{"line":49,"column":19},"end":{"line":49,"column":63}},"7":{"start":{"line":50,"column":18},"end":{"line":50,"column":47}},"8":{"start":{"line":51,"column":18},"end":{"line":51,"column":47}},"9":{"start":{"line":54,"column":2},"end":{"line":67,"column":null}},"10":{"start":{"line":55,"column":4},"end":{"line":62,"column":null}},"11":{"start":{"line":56,"column":6},"end":{"line":60,"column":null}},"12":{"start":{"line":62,"column":6},"end":{"line":62,"column":null}},"13":{"start":{"line":64,"column":4},"end":{"line":64,"column":null}},"14":{"start":{"line":65,"column":4},"end":{"line":65,"column":null}},"15":{"start":{"line":66,"column":4},"end":{"line":66,"column":null}},"16":{"start":{"line":70,"column":2},"end":{"line":72,"column":null}},"17":{"start":{"line":71,"column":4},"end":{"line":71,"column":null}},"18":{"start":{"line":71,"column":14},"end":{"line":71,"column":null}},"19":{"start":{"line":71,"column":31},"end":{"line":71,"column":55}},"20":{"start":{"line":75,"column":2},"end":{"line":79,"column":null}},"21":{"start":{"line":76,"column":10},"end":{"line":76,"column":null}},"22":{"start":{"line":76,"column":44},"end":{"line":76,"column":null}},"23":{"start":{"line":76,"column":68},"end":{"line":76,"column":null}},"24":{"start":{"line":77,"column":4},"end":{"line":77,"column":null}},"25":{"start":{"line":78,"column":4},"end":{"line":78,"column":null}},"26":{"start":{"line":78,"column":17},"end":{"line":78,"column":63}},"27":{"start":{"line":81,"column":2},"end":{"line":81,"column":null}},"28":{"start":{"line":81,"column":13},"end":{"line":81,"column":null}},"29":{"start":{"line":83,"column":8},"end":{"line":87,"column":null}},"30":{"start":{"line":84,"column":32},"end":{"line":84,"column":34}},"31":{"start":{"line":85,"column":4},"end":{"line":85,"column":null}},"32":{"start":{"line":85,"column":27},"end":{"line":85,"column":null}},"33":{"start":{"line":86,"column":4},"end":{"line":86,"column":null}},"34":{"start":{"line":87,"column":4},"end":{"line":87,"column":null}},"35":{"start":{"line":90,"column":23},"end":{"line":120,"column":null}},"36":{"start":{"line":91,"column":4},"end":{"line":91,"column":null}},"37":{"start":{"line":92,"column":4},"end":{"line":92,"column":null}},"38":{"start":{"line":92,"column":21},"end":{"line":92,"column":null}},"39":{"start":{"line":93,"column":4},"end":{"line":93,"column":null}},"40":{"start":{"line":94,"column":4},"end":{"line":94,"column":null}},"41":{"start":{"line":96,"column":4},"end":{"line":120,"column":null}},"42":{"start":{"line":97,"column":22},"end":{"line":101,"column":null}},"43":{"start":{"line":103,"column":6},"end":{"line":106,"column":null}},"44":{"start":{"line":104,"column":8},"end":{"line":104,"column":null}},"45":{"start":{"line":106,"column":8},"end":{"line":106,"column":null}},"46":{"start":{"line":110,"column":6},"end":{"line":110,"column":null}},"47":{"start":{"line":111,"column":6},"end":{"line":111,"column":null}},"48":{"start":{"line":112,"column":6},"end":{"line":112,"column":null}},"49":{"start":{"line":114,"column":6},"end":{"line":117,"column":null}},"50":{"start":{"line":115,"column":8},"end":{"line":115,"column":null}},"51":{"start":{"line":117,"column":8},"end":{"line":117,"column":null}},"52":{"start":{"line":120,"column":6},"end":{"line":120,"column":null}},"53":{"start":{"line":124,"column":2},"end":{"line":266,"column":null}},"54":{"start":{"line":142,"column":24},"end":{"line":142,"column":43}},"55":{"start":{"line":200,"column":18},"end":{"line":200,"column":null}},"56":{"start":{"line":200,"column":32},"end":{"line":200,"column":64}},"57":{"start":{"line":201,"column":18},"end":{"line":201,"column":null}},"58":{"start":{"line":201,"column":39},"end":{"line":201,"column":66}},"59":{"start":{"line":218,"column":31},"end":{"line":218,"column":88}},"60":{"start":{"line":218,"column":45},"end":{"line":218,"column":88}},"61":{"start":{"line":222,"column":34},"end":{"line":222,"column":73}},"62":{"start":{"line":234,"column":31},"end":{"line":234,"column":84}},"63":{"start":{"line":234,"column":45},"end":{"line":234,"column":84}}},"fnMap":{"0":{"name":"ProjectModal","decl":{"start":{"line":38,"column":16},"end":{"line":38,"column":29}},"loc":{"start":{"line":38,"column":64},"end":{"line":266,"column":null}},"line":38},"1":{"name":"(anonymous_1)","decl":{"start":{"line":54,"column":2},"end":{"line":54,"column":18}},"loc":{"start":{"line":54,"column":18},"end":{"line":67,"column":6}},"line":54},"2":{"name":"(anonymous_2)","decl":{"start":{"line":70,"column":2},"end":{"line":70,"column":18}},"loc":{"start":{"line":70,"column":18},"end":{"line":72,"column":6}},"line":70},"3":{"name":"(anonymous_3)","decl":{"start":{"line":71,"column":14},"end":{"line":71,"column":31}},"loc":{"start":{"line":71,"column":31},"end":{"line":71,"column":55}},"line":71},"4":{"name":"(anonymous_4)","decl":{"start":{"line":75,"column":2},"end":{"line":75,"column":18}},"loc":{"start":{"line":75,"column":18},"end":{"line":79,"column":6}},"line":75},"5":{"name":"(anonymous_5)","decl":{"start":{"line":76,"column":10},"end":{"line":76,"column":21}},"loc":{"start":{"line":76,"column":42},"end":{"line":76,"column":null}},"line":76},"6":{"name":"(anonymous_6)","decl":{"start":{"line":78,"column":4},"end":{"line":78,"column":17}},"loc":{"start":{"line":78,"column":17},"end":{"line":78,"column":63}},"line":78},"7":{"name":"(anonymous_7)","decl":{"start":{"line":83,"column":8},"end":{"line":83,"column":34}},"loc":{"start":{"line":83,"column":34},"end":{"line":87,"column":null}},"line":83},"8":{"name":"(anonymous_8)","decl":{"start":{"line":90,"column":23},"end":{"line":90,"column":30}},"loc":{"start":{"line":90,"column":53},"end":{"line":120,"column":null}},"line":90},"9":{"name":"(anonymous_9)","decl":{"start":{"line":142,"column":10},"end":{"line":142,"column":19}},"loc":{"start":{"line":142,"column":24},"end":{"line":142,"column":43}},"line":142},"10":{"name":"(anonymous_10)","decl":{"start":{"line":199,"column":16},"end":{"line":199,"column":26}},"loc":{"start":{"line":199,"column":31},"end":{"line":201,"column":null}},"line":199},"11":{"name":"(anonymous_11)","decl":{"start":{"line":200,"column":18},"end":{"line":200,"column":26}},"loc":{"start":{"line":200,"column":32},"end":{"line":200,"column":64}},"line":200},"12":{"name":"(anonymous_12)","decl":{"start":{"line":201,"column":18},"end":{"line":201,"column":33}},"loc":{"start":{"line":201,"column":39},"end":{"line":201,"column":66}},"line":201},"13":{"name":"(anonymous_13)","decl":{"start":{"line":218,"column":16},"end":{"line":218,"column":26}},"loc":{"start":{"line":218,"column":31},"end":{"line":218,"column":88}},"line":218},"14":{"name":"(anonymous_14)","decl":{"start":{"line":218,"column":31},"end":{"line":218,"column":39}},"loc":{"start":{"line":218,"column":45},"end":{"line":218,"column":88}},"line":218},"15":{"name":"(anonymous_15)","decl":{"start":{"line":222,"column":25},"end":{"line":222,"column":29}},"loc":{"start":{"line":222,"column":34},"end":{"line":222,"column":73}},"line":222},"16":{"name":"(anonymous_16)","decl":{"start":{"line":234,"column":16},"end":{"line":234,"column":26}},"loc":{"start":{"line":234,"column":31},"end":{"line":234,"column":84}},"line":234},"17":{"name":"(anonymous_17)","decl":{"start":{"line":234,"column":31},"end":{"line":234,"column":39}},"loc":{"start":{"line":234,"column":45},"end":{"line":234,"column":84}},"line":234}},"branchMap":{"0":{"loc":{"start":{"line":55,"column":4},"end":{"line":62,"column":null}},"type":"if","locations":[{"start":{"line":55,"column":4},"end":{"line":62,"column":null}},{"start":{"line":61,"column":11},"end":{"line":62,"column":null}}],"line":55},"1":{"loc":{"start":{"line":58,"column":21},"end":{"line":58,"column":null}},"type":"binary-expr","locations":[{"start":{"line":58,"column":21},"end":{"line":58,"column":44}},{"start":{"line":58,"column":44},"end":{"line":58,"column":null}}],"line":58},"2":{"loc":{"start":{"line":59,"column":25},"end":{"line":59,"column":null}},"type":"binary-expr","locations":[{"start":{"line":59,"column":25},"end":{"line":59,"column":52}},{"start":{"line":59,"column":52},"end":{"line":59,"column":null}}],"line":59},"3":{"loc":{"start":{"line":71,"column":4},"end":{"line":71,"column":null}},"type":"if","locations":[{"start":{"line":71,"column":4},"end":{"line":71,"column":null}},{"start":{},"end":{}}],"line":71},"4":{"loc":{"start":{"line":76,"column":44},"end":{"line":76,"column":null}},"type":"if","locations":[{"start":{"line":76,"column":44},"end":{"line":76,"column":null}},{"start":{},"end":{}}],"line":76},"5":{"loc":{"start":{"line":81,"column":2},"end":{"line":81,"column":null}},"type":"if","locations":[{"start":{"line":81,"column":2},"end":{"line":81,"column":null}},{"start":{},"end":{}}],"line":81},"6":{"loc":{"start":{"line":85,"column":4},"end":{"line":85,"column":null}},"type":"if","locations":[{"start":{"line":85,"column":4},"end":{"line":85,"column":null}},{"start":{},"end":{}}],"line":85},"7":{"loc":{"start":{"line":92,"column":4},"end":{"line":92,"column":null}},"type":"if","locations":[{"start":{"line":92,"column":4},"end":{"line":92,"column":null}},{"start":{},"end":{}}],"line":92},"8":{"loc":{"start":{"line":99,"column":21},"end":{"line":99,"column":null}},"type":"binary-expr","locations":[{"start":{"line":99,"column":21},"end":{"line":99,"column":44}},{"start":{"line":99,"column":48},"end":{"line":99,"column":null}}],"line":99},"9":{"loc":{"start":{"line":100,"column":25},"end":{"line":100,"column":null}},"type":"binary-expr","locations":[{"start":{"line":100,"column":25},"end":{"line":100,"column":49}},{"start":{"line":100,"column":49},"end":{"line":100,"column":null}}],"line":100},"10":{"loc":{"start":{"line":103,"column":6},"end":{"line":106,"column":null}},"type":"if","locations":[{"start":{"line":103,"column":6},"end":{"line":106,"column":null}},{"start":{"line":105,"column":13},"end":{"line":106,"column":null}}],"line":103},"11":{"loc":{"start":{"line":103,"column":10},"end":{"line":103,"column":29}},"type":"binary-expr","locations":[{"start":{"line":103,"column":10},"end":{"line":103,"column":20}},{"start":{"line":103,"column":20},"end":{"line":103,"column":29}}],"line":103},"12":{"loc":{"start":{"line":114,"column":6},"end":{"line":117,"column":null}},"type":"if","locations":[{"start":{"line":114,"column":6},"end":{"line":117,"column":null}},{"start":{"line":116,"column":13},"end":{"line":117,"column":null}}],"line":114},"13":{"loc":{"start":{"line":147,"column":15},"end":{"line":147,"column":null}},"type":"cond-expr","locations":[{"start":{"line":147,"column":24},"end":{"line":147,"column":43}},{"start":{"line":147,"column":43},"end":{"line":147,"column":null}}],"line":147},"14":{"loc":{"start":{"line":163,"column":13},"end":{"line":174,"column":null}},"type":"binary-expr","locations":[{"start":{"line":163,"column":13},"end":{"line":163,"column":null}},{"start":{"line":164,"column":14},"end":{"line":174,"column":null}}],"line":163},"15":{"loc":{"start":{"line":178,"column":13},"end":{"line":188,"column":null}},"type":"binary-expr","locations":[{"start":{"line":178,"column":13},"end":{"line":178,"column":null}},{"start":{"line":179,"column":14},"end":{"line":188,"column":null}}],"line":178},"16":{"loc":{"start":{"line":187,"column":17},"end":{"line":187,"column":null}},"type":"cond-expr","locations":[{"start":{"line":187,"column":26},"end":{"line":187,"column":50}},{"start":{"line":187,"column":50},"end":{"line":187,"column":null}}],"line":187},"17":{"loc":{"start":{"line":205,"column":15},"end":{"line":208,"column":null}},"type":"binary-expr","locations":[{"start":{"line":205,"column":15},"end":{"line":205,"column":null}},{"start":{"line":206,"column":16},"end":{"line":208,"column":null}}],"line":205},"18":{"loc":{"start":{"line":253,"column":26},"end":{"line":253,"column":null}},"type":"binary-expr","locations":[{"start":{"line":253,"column":26},"end":{"line":253,"column":37}},{"start":{"line":253,"column":37},"end":{"line":253,"column":null}}],"line":253},"19":{"loc":{"start":{"line":254,"column":20},"end":{"line":254,"column":null}},"type":"cond-expr","locations":[{"start":{"line":254,"column":29},"end":{"line":254,"column":52}},{"start":{"line":254,"column":52},"end":{"line":254,"column":null}}],"line":254},"20":{"loc":{"start":{"line":256,"column":17},"end":{"line":260,"column":null}},"type":"cond-expr","locations":[{"start":{"line":257,"column":21},"end":{"line":257,"column":null}},{"start":{"line":258,"column":20},"end":{"line":260,"column":null}}],"line":256},"21":{"loc":{"start":{"line":257,"column":21},"end":{"line":257,"column":null}},"type":"cond-expr","locations":[{"start":{"line":257,"column":30},"end":{"line":257,"column":46}},{"start":{"line":257,"column":46},"end":{"line":257,"column":null}}],"line":257},"22":{"loc":{"start":{"line":258,"column":20},"end":{"line":260,"column":null}},"type":"cond-expr","locations":[{"start":{"line":259,"column":20},"end":{"line":259,"column":null}},{"start":{"line":260,"column":21},"end":{"line":260,"column":null}}],"line":258},"23":{"loc":{"start":{"line":260,"column":21},"end":{"line":260,"column":null}},"type":"cond-expr","locations":[{"start":{"line":260,"column":30},"end":{"line":260,"column":52}},{"start":{"line":260,"column":52},"end":{"line":260,"column":null}}],"line":260}},"s":{"0":1,"1":73,"2":73,"3":73,"4":73,"5":73,"6":73,"7":73,"8":73,"9":73,"10":11,"11":3,"12":8,"13":11,"14":11,"15":11,"16":73,"17":11,"18":10,"19":10,"20":73,"21":11,"22":42,"23":1,"24":11,"25":11,"26":11,"27":73,"28":2,"29":71,"30":5,"31":5,"32":1,"33":5,"34":5,"35":71,"36":5,"37":5,"38":1,"39":4,"40":4,"41":4,"42":4,"43":5,"44":1,"45":3,"46":3,"47":3,"48":3,"49":1,"50":1,"51":0,"52":4,"53":71,"54":9,"55":42,"56":42,"57":42,"58":42,"59":0,"60":0,"61":639,"62":0,"63":0},"f":{"0":73,"1":11,"2":11,"3":10,"4":11,"5":42,"6":11,"7":5,"8":5,"9":9,"10":42,"11":42,"12":42,"13":0,"14":0,"15":639,"16":0,"17":0},"b":{"0":[3,8],"1":[3,0],"2":[3,0],"3":[10,1],"4":[1,41],"5":[2,71],"6":[1,4],"7":[1,4],"8":[4,3],"9":[5,3],"10":[1,3],"11":[5,1],"12":[1,0],"13":[21,50],"14":[73,1],"15":[73,3],"16":[1,2],"17":[73,1],"18":[73,67],"19":[21,50],"20":[4,67],"21":[1,3],"22":[3,64],"23":[19,45]},"meta":{"lastBranch":24,"lastFunction":18,"lastStatement":64,"seen":{"s:17:16:20:Infinity":0,"f:38:16:38:29":0,"s:39:8:39:29":1,"s:40:8:40:48":2,"s:41:17:41:Infinity":3,"s:43:15:47:4":4,"s:48:22:48:65":5,"s:49:19:49:63":6,"s:50:18:50:47":7,"s:51:18:51:47":8,"s:54:2:67:Infinity":9,"f:54:2:54:18":1,"b:55:4:62:Infinity:61:11:62:Infinity":0,"s:55:4:62:Infinity":10,"s:56:6:60:Infinity":11,"b:58:21:58:44:58:44:58:Infinity":1,"b:59:25:59:52:59:52:59:Infinity":2,"s:62:6:62:Infinity":12,"s:64:4:64:Infinity":13,"s:65:4:65:Infinity":14,"s:66:4:66:Infinity":15,"s:70:2:72:Infinity":16,"f:70:2:70:18":2,"b:71:4:71:Infinity:undefined:undefined:undefined:undefined":3,"s:71:4:71:Infinity":17,"s:71:14:71:Infinity":18,"f:71:14:71:31":3,"s:71:31:71:55":19,"s:75:2:79:Infinity":20,"f:75:2:75:18":4,"s:76:10:76:Infinity":21,"f:76:10:76:21":5,"b:76:44:76:Infinity:undefined:undefined:undefined:undefined":4,"s:76:44:76:Infinity":22,"s:76:68:76:Infinity":23,"s:77:4:77:Infinity":24,"s:78:4:78:Infinity":25,"f:78:4:78:17":6,"s:78:17:78:63":26,"b:81:2:81:Infinity:undefined:undefined:undefined:undefined":5,"s:81:2:81:Infinity":27,"s:81:13:81:Infinity":28,"s:83:8:87:Infinity":29,"f:83:8:83:34":7,"s:84:32:84:34":30,"b:85:4:85:Infinity:undefined:undefined:undefined:undefined":6,"s:85:4:85:Infinity":31,"s:85:27:85:Infinity":32,"s:86:4:86:Infinity":33,"s:87:4:87:Infinity":34,"s:90:23:120:Infinity":35,"f:90:23:90:30":8,"s:91:4:91:Infinity":36,"b:92:4:92:Infinity:undefined:undefined:undefined:undefined":7,"s:92:4:92:Infinity":37,"s:92:21:92:Infinity":38,"s:93:4:93:Infinity":39,"s:94:4:94:Infinity":40,"s:96:4:120:Infinity":41,"s:97:22:101:Infinity":42,"b:99:21:99:44:99:48:99:Infinity":8,"b:100:25:100:49:100:49:100:Infinity":9,"b:103:6:106:Infinity:105:13:106:Infinity":10,"s:103:6:106:Infinity":43,"b:103:10:103:20:103:20:103:29":11,"s:104:8:104:Infinity":44,"s:106:8:106:Infinity":45,"s:110:6:110:Infinity":46,"s:111:6:111:Infinity":47,"s:112:6:112:Infinity":48,"b:114:6:117:Infinity:116:13:117:Infinity":12,"s:114:6:117:Infinity":49,"s:115:8:115:Infinity":50,"s:117:8:117:Infinity":51,"s:120:6:120:Infinity":52,"s:124:2:266:Infinity":53,"f:142:10:142:19":9,"s:142:24:142:43":54,"b:147:24:147:43:147:43:147:Infinity":13,"b:163:13:163:Infinity:164:14:174:Infinity":14,"b:178:13:178:Infinity:179:14:188:Infinity":15,"b:187:26:187:50:187:50:187:Infinity":16,"f:199:16:199:26":10,"s:200:18:200:Infinity":55,"f:200:18:200:26":11,"s:200:32:200:64":56,"s:201:18:201:Infinity":57,"f:201:18:201:33":12,"s:201:39:201:66":58,"b:205:15:205:Infinity:206:16:208:Infinity":17,"f:218:16:218:26":13,"s:218:31:218:88":59,"f:218:31:218:39":14,"s:218:45:218:88":60,"f:222:25:222:29":15,"s:222:34:222:73":61,"f:234:16:234:26":16,"s:234:31:234:84":62,"f:234:31:234:39":17,"s:234:45:234:84":63,"b:253:26:253:37:253:37:253:Infinity":18,"b:254:29:254:52:254:52:254:Infinity":19,"b:257:21:257:Infinity:258:20:260:Infinity":20,"b:257:30:257:46:257:46:257:Infinity":21,"b:259:20:259:Infinity:260:21:260:Infinity":22,"b:260:30:260:52:260:52:260:Infinity":23}}}
,"C:\\Users\\Glauber\\codes\\ReqStudio\\reqstudio\\reqstudio-ui\\src\\components\\ProtectedRoute.tsx": {"path":"C:\\Users\\Glauber\\codes\\ReqStudio\\reqstudio\\reqstudio-ui\\src\\components\\ProtectedRoute.tsx","statementMap":{"0":{"start":{"line":12,"column":27},"end":{"line":12,"column":50}},"1":{"start":{"line":14,"column":2},"end":{"line":21,"column":null}},"2":{"start":{"line":15,"column":4},"end":{"line":21,"column":null}},"3":{"start":{"line":25,"column":2},"end":{"line":25,"column":null}}},"fnMap":{"0":{"name":"ProtectedRoute","decl":{"start":{"line":11,"column":16},"end":{"line":11,"column":33}},"loc":{"start":{"line":11,"column":33},"end":{"line":25,"column":null}},"line":11}},"branchMap":{"0":{"loc":{"start":{"line":14,"column":2},"end":{"line":21,"column":null}},"type":"if","locations":[{"start":{"line":14,"column":2},"end":{"line":21,"column":null}},{"start":{},"end":{}}],"line":14},"1":{"loc":{"start":{"line":25,"column":9},"end":{"line":25,"column":null}},"type":"cond-expr","locations":[{"start":{"line":25,"column":27},"end":{"line":25,"column":41}},{"start":{"line":25,"column":40},"end":{"line":25,"column":null}}],"line":25}},"s":{"0":4,"1":4,"2":1,"3":3},"f":{"0":4},"b":{"0":[1,3],"1":[1,2]},"meta":{"lastBranch":2,"lastFunction":1,"lastStatement":4,"seen":{"f:11:16:11:33":0,"s:12:27:12:50":0,"b:14:2:21:Infinity:undefined:undefined:undefined:undefined":0,"s:14:2:21:Infinity":1,"s:15:4:21:Infinity":2,"s:25:2:25:Infinity":3,"b:25:27:25:41:25:40:25:Infinity":1}}}
,"C:\\Users\\Glauber\\codes\\ReqStudio\\reqstudio\\reqstudio-ui\\src\\components\\ui\\button.tsx": {"path":"C:\\Users\\Glauber\\codes\\ReqStudio\\reqstudio\\reqstudio-ui\\src\\components\\ui\\button.tsx","statementMap":{"0":{"start":{"line":7,"column":6},"end":{"line":41,"column":null}},"1":{"start":{"line":54,"column":15},"end":{"line":54,"column":null}},"2":{"start":{"line":56,"column":2},"end":{"line":63,"column":null}}},"fnMap":{"0":{"name":"Button","decl":{"start":{"line":44,"column":9},"end":{"line":44,"column":16}},"loc":{"start":{"line":53,"column":5},"end":{"line":63,"column":null}},"line":53}},"branchMap":{"0":{"loc":{"start":{"line":46,"column":2},"end":{"line":46,"column":null}},"type":"default-arg","locations":[{"start":{"line":46,"column":12},"end":{"line":46,"column":null}}],"line":46},"1":{"loc":{"start":{"line":47,"column":2},"end":{"line":47,"column":null}},"type":"default-arg","locations":[{"start":{"line":47,"column":9},"end":{"line":47,"column":null}}],"line":47},"2":{"loc":{"start":{"line":48,"column":2},"end":{"line":48,"column":null}},"type":"default-arg","locations":[{"start":{"line":48,"column":12},"end":{"line":48,"column":null}}],"line":48},"3":{"loc":{"start":{"line":54,"column":15},"end":{"line":54,"column":null}},"type":"cond-expr","locations":[{"start":{"line":54,"column":25},"end":{"line":54,"column":37}},{"start":{"line":54,"column":37},"end":{"line":54,"column":null}}],"line":54}},"s":{"0":3,"1":168,"2":168},"f":{"0":168},"b":{"0":[168],"1":[168],"2":[168],"3":[0,168]},"meta":{"lastBranch":4,"lastFunction":1,"lastStatement":3,"seen":{"s:7:6:41:Infinity":0,"f:44:9:44:16":0,"b:46:12:46:Infinity":0,"b:47:9:47:Infinity":1,"b:48:12:48:Infinity":2,"s:54:15:54:Infinity":1,"b:54:25:54:37:54:37:54:Infinity":3,"s:56:2:63:Infinity":2}}}
,"C:\\Users\\Glauber\\codes\\ReqStudio\\reqstudio\\reqstudio-ui\\src\\components\\ui\\input.tsx": {"path":"C:\\Users\\Glauber\\codes\\ReqStudio\\reqstudio\\reqstudio-ui\\src\\components\\ui\\input.tsx","statementMap":{"0":{"start":{"line":6,"column":2},"end":{"line":15,"column":null}}},"fnMap":{"0":{"name":"Input","decl":{"start":{"line":5,"column":9},"end":{"line":5,"column":15}},"loc":{"start":{"line":5,"column":77},"end":{"line":15,"column":null}},"line":5}},"branchMap":{},"s":{"0":71},"f":{"0":71},"b":{},"meta":{"lastBranch":0,"lastFunction":1,"lastStatement":1,"seen":{"f:5:9:5:15":0,"s:6:2:15:Infinity":0}}}
,"C:\\Users\\Glauber\\codes\\ReqStudio\\reqstudio\\reqstudio-ui\\src\\components\\ui\\label.tsx": {"path":"C:\\Users\\Glauber\\codes\\ReqStudio\\reqstudio\\reqstudio-ui\\src\\components\\ui\\label.tsx","statementMap":{"0":{"start":{"line":10,"column":2},"end":{"line":18,"column":null}}},"fnMap":{"0":{"name":"Label","decl":{"start":{"line":6,"column":9},"end":{"line":6,"column":15}},"loc":{"start":{"line":9,"column":53},"end":{"line":18,"column":null}},"line":9}},"branchMap":{},"s":{"0":213},"f":{"0":213},"b":{},"meta":{"lastBranch":0,"lastFunction":1,"lastStatement":1,"seen":{"f:6:9:6:15":0,"s:10:2:18:Infinity":0}}}
,"C:\\Users\\Glauber\\codes\\ReqStudio\\reqstudio\\reqstudio-ui\\src\\contexts\\AuthContext.tsx": {"path":"C:\\Users\\Glauber\\codes\\ReqStudio\\reqstudio\\reqstudio-ui\\src\\contexts\\AuthContext.tsx","statementMap":{"0":{"start":{"line":37,"column":6},"end":{"line":37,"column":64}},"1":{"start":{"line":40,"column":16},"end":{"line":44,"column":4}},"2":{"start":{"line":47,"column":2},"end":{"line":68,"column":null}},"3":{"start":{"line":48,"column":18},"end":{"line":48,"column":null}},"4":{"start":{"line":51,"column":6},"end":{"line":61,"column":null}},"5":{"start":{"line":52,"column":20},"end":{"line":52,"column":43}},"6":{"start":{"line":53,"column":8},"end":{"line":53,"column":null}},"7":{"start":{"line":54,"column":19},"end":{"line":54,"column":37}},"8":{"start":{"line":55,"column":8},"end":{"line":56,"column":null}},"9":{"start":{"line":56,"column":10},"end":{"line":56,"column":null}},"10":{"start":{"line":60,"column":8},"end":{"line":61,"column":null}},"11":{"start":{"line":61,"column":10},"end":{"line":61,"column":null}},"12":{"start":{"line":66,"column":4},"end":{"line":66,"column":null}},"13":{"start":{"line":67,"column":4},"end":{"line":67,"column":null}},"14":{"start":{"line":67,"column":19},"end":{"line":67,"column":null}},"15":{"start":{"line":71,"column":2},"end":{"line":78,"column":null}},"16":{"start":{"line":72,"column":10},"end":{"line":74,"column":null}},"17":{"start":{"line":73,"column":6},"end":{"line":73,"column":null}},"18":{"start":{"line":74,"column":6},"end":{"line":74,"column":null}},"19":{"start":{"line":76,"column":4},"end":{"line":76,"column":null}},"20":{"start":{"line":77,"column":4},"end":{"line":77,"column":null}},"21":{"start":{"line":77,"column":17},"end":{"line":77,"column":81}},"22":{"start":{"line":82,"column":8},"end":{"line":87,"column":8}},"23":{"start":{"line":83,"column":16},"end":{"line":83,"column":56}},"24":{"start":{"line":84,"column":4},"end":{"line":84,"column":null}},"25":{"start":{"line":85,"column":15},"end":{"line":85,"column":33}},"26":{"start":{"line":86,"column":4},"end":{"line":86,"column":null}},"27":{"start":{"line":89,"column":8},"end":{"line":93,"column":13}},"28":{"start":{"line":90,"column":4},"end":{"line":90,"column":null}},"29":{"start":{"line":92,"column":4},"end":{"line":92,"column":null}},"30":{"start":{"line":95,"column":8},"end":{"line":99,"column":8}},"31":{"start":{"line":96,"column":4},"end":{"line":96,"column":null}},"32":{"start":{"line":97,"column":4},"end":{"line":97,"column":null}},"33":{"start":{"line":98,"column":4},"end":{"line":98,"column":null}},"34":{"start":{"line":101,"column":2},"end":{"line":104,"column":null}},"35":{"start":{"line":109,"column":8},"end":{"line":109,"column":37}},"36":{"start":{"line":110,"column":2},"end":{"line":110,"column":null}},"37":{"start":{"line":110,"column":12},"end":{"line":110,"column":null}},"38":{"start":{"line":111,"column":2},"end":{"line":111,"column":null}}},"fnMap":{"0":{"name":"AuthProvider","decl":{"start":{"line":39,"column":16},"end":{"line":39,"column":29}},"loc":{"start":{"line":39,"column":68},"end":{"line":104,"column":null}},"line":39},"1":{"name":"(anonymous_1)","decl":{"start":{"line":47,"column":2},"end":{"line":47,"column":18}},"loc":{"start":{"line":47,"column":18},"end":{"line":68,"column":7}},"line":47},"2":{"name":"silentRefresh","decl":{"start":{"line":50,"column":19},"end":{"line":50,"column":35}},"loc":{"start":{"line":50,"column":35},"end":{"line":61,"column":null}},"line":50},"3":{"name":"(anonymous_3)","decl":{"start":{"line":67,"column":4},"end":{"line":67,"column":17}},"loc":{"start":{"line":67,"column":17},"end":{"line":67,"column":null}},"line":67},"4":{"name":"(anonymous_4)","decl":{"start":{"line":71,"column":2},"end":{"line":71,"column":18}},"loc":{"start":{"line":71,"column":18},"end":{"line":78,"column":7}},"line":71},"5":{"name":"(anonymous_5)","decl":{"start":{"line":72,"column":10},"end":{"line":72,"column":36}},"loc":{"start":{"line":72,"column":36},"end":{"line":74,"column":null}},"line":72},"6":{"name":"(anonymous_6)","decl":{"start":{"line":77,"column":4},"end":{"line":77,"column":17}},"loc":{"start":{"line":77,"column":17},"end":{"line":77,"column":81}},"line":77},"7":{"name":"(anonymous_7)","decl":{"start":{"line":82,"column":28},"end":{"line":82,"column":35}},"loc":{"start":{"line":82,"column":71},"end":{"line":87,"column":7}},"line":82},"8":{"name":"(anonymous_8)","decl":{"start":{"line":89,"column":31},"end":{"line":89,"column":38}},"loc":{"start":{"line":89,"column":74},"end":{"line":93,"column":6}},"line":89},"9":{"name":"(anonymous_9)","decl":{"start":{"line":95,"column":29},"end":{"line":95,"column":41}},"loc":{"start":{"line":95,"column":41},"end":{"line":99,"column":7}},"line":95},"10":{"name":"useAuth","decl":{"start":{"line":108,"column":16},"end":{"line":108,"column":44}},"loc":{"start":{"line":108,"column":44},"end":{"line":111,"column":null}},"line":108}},"branchMap":{"0":{"loc":{"start":{"line":55,"column":8},"end":{"line":56,"column":null}},"type":"if","locations":[{"start":{"line":55,"column":8},"end":{"line":56,"column":null}},{"start":{},"end":{}}],"line":55},"1":{"loc":{"start":{"line":60,"column":8},"end":{"line":61,"column":null}},"type":"if","locations":[{"start":{"line":60,"column":8},"end":{"line":61,"column":null}},{"start":{},"end":{}}],"line":60},"2":{"loc":{"start":{"line":110,"column":2},"end":{"line":110,"column":null}},"type":"if","locations":[{"start":{"line":110,"column":2},"end":{"line":110,"column":null}},{"start":{},"end":{}}],"line":110}},"s":{"0":2,"1":17,"2":17,"3":7,"4":7,"5":7,"6":3,"7":3,"8":3,"9":3,"10":3,"11":3,"12":7,"13":7,"14":7,"15":17,"16":7,"17":1,"18":1,"19":7,"20":7,"21":7,"22":17,"23":2,"24":2,"25":2,"26":2,"27":17,"28":1,"29":1,"30":17,"31":1,"32":1,"33":1,"34":17,"35":16,"36":16,"37":0,"38":16},"f":{"0":17,"1":7,"2":7,"3":7,"4":7,"5":1,"6":7,"7":2,"8":1,"9":1,"10":16},"b":{"0":[3,0],"1":[3,0],"2":[0,16]},"meta":{"lastBranch":3,"lastFunction":11,"lastStatement":39,"seen":{"s:37:6:37:64":0,"f:39:16:39:29":0,"s:40:16:44:4":1,"s:47:2:68:Infinity":2,"f:47:2:47:18":1,"s:48:18:48:Infinity":3,"f:50:19:50:35":2,"s:51:6:61:Infinity":4,"s:52:20:52:43":5,"s:53:8:53:Infinity":6,"s:54:19:54:37":7,"b:55:8:56:Infinity:undefined:undefined:undefined:undefined":0,"s:55:8:56:Infinity":8,"s:56:10:56:Infinity":9,"b:60:8:61:Infinity:undefined:undefined:undefined:undefined":1,"s:60:8:61:Infinity":10,"s:61:10:61:Infinity":11,"s:66:4:66:Infinity":12,"s:67:4:67:Infinity":13,"f:67:4:67:17":3,"s:67:19:67:Infinity":14,"s:71:2:78:Infinity":15,"f:71:2:71:18":4,"s:72:10:74:Infinity":16,"f:72:10:72:36":5,"s:73:6:73:Infinity":17,"s:74:6:74:Infinity":18,"s:76:4:76:Infinity":19,"s:77:4:77:Infinity":20,"f:77:4:77:17":6,"s:77:17:77:81":21,"s:82:8:87:8":22,"f:82:28:82:35":7,"s:83:16:83:56":23,"s:84:4:84:Infinity":24,"s:85:15:85:33":25,"s:86:4:86:Infinity":26,"s:89:8:93:13":27,"f:89:31:89:38":8,"s:90:4:90:Infinity":28,"s:92:4:92:Infinity":29,"s:95:8:99:8":30,"f:95:29:95:41":9,"s:96:4:96:Infinity":31,"s:97:4:97:Infinity":32,"s:98:4:98:Infinity":33,"s:101:2:104:Infinity":34,"f:108:16:108:44":10,"s:109:8:109:37":35,"b:110:2:110:Infinity:undefined:undefined:undefined:undefined":2,"s:110:2:110:Infinity":36,"s:110:12:110:Infinity":37,"s:111:2:111:Infinity":38}}}
,"C:\\Users\\Glauber\\codes\\ReqStudio\\reqstudio\\reqstudio-ui\\src\\contexts\\ThemeContext.tsx": {"path":"C:\\Users\\Glauber\\codes\\ReqStudio\\reqstudio\\reqstudio-ui\\src\\contexts\\ThemeContext.tsx","statementMap":{"0":{"start":{"line":10,"column":6},"end":{"line":10,"column":66}},"1":{"start":{"line":13,"column":16},"end":{"line":22,"column":null}},"2":{"start":{"line":15,"column":19},"end":{"line":15,"column":58}},"3":{"start":{"line":16,"column":4},"end":{"line":16,"column":null}},"4":{"start":{"line":16,"column":49},"end":{"line":16,"column":null}},"5":{"start":{"line":19,"column":6},"end":{"line":20,"column":null}},"6":{"start":{"line":21,"column":4},"end":{"line":21,"column":null}},"7":{"start":{"line":24,"column":2},"end":{"line":32,"column":null}},"8":{"start":{"line":25,"column":17},"end":{"line":25,"column":null}},"9":{"start":{"line":26,"column":4},"end":{"line":29,"column":null}},"10":{"start":{"line":27,"column":6},"end":{"line":27,"column":null}},"11":{"start":{"line":29,"column":6},"end":{"line":29,"column":null}},"12":{"start":{"line":31,"column":4},"end":{"line":31,"column":null}},"13":{"start":{"line":34,"column":8},"end":{"line":34,"column":75}},"14":{"start":{"line":34,"column":28},"end":{"line":34,"column":75}},"15":{"start":{"line":34,"column":42},"end":{"line":34,"column":75}},"16":{"start":{"line":36,"column":2},"end":{"line":39,"column":null}},"17":{"start":{"line":44,"column":8},"end":{"line":44,"column":38}},"18":{"start":{"line":45,"column":2},"end":{"line":45,"column":null}},"19":{"start":{"line":45,"column":12},"end":{"line":45,"column":null}},"20":{"start":{"line":46,"column":2},"end":{"line":46,"column":null}}},"fnMap":{"0":{"name":"ThemeProvider","decl":{"start":{"line":12,"column":16},"end":{"line":12,"column":30}},"loc":{"start":{"line":12,"column":69},"end":{"line":39,"column":null}},"line":12},"1":{"name":"(anonymous_1)","decl":{"start":{"line":13,"column":28},"end":{"line":13,"column":50}},"loc":{"start":{"line":13,"column":50},"end":{"line":22,"column":null}},"line":13},"2":{"name":"(anonymous_2)","decl":{"start":{"line":24,"column":2},"end":{"line":24,"column":18}},"loc":{"start":{"line":24,"column":18},"end":{"line":32,"column":6}},"line":24},"3":{"name":"(anonymous_3)","decl":{"start":{"line":34,"column":8},"end":{"line":34,"column":28}},"loc":{"start":{"line":34,"column":28},"end":{"line":34,"column":75}},"line":34},"4":{"name":"(anonymous_4)","decl":{"start":{"line":34,"column":28},"end":{"line":34,"column":37}},"loc":{"start":{"line":34,"column":42},"end":{"line":34,"column":75}},"line":34},"5":{"name":"useTheme","decl":{"start":{"line":43,"column":16},"end":{"line":43,"column":46}},"loc":{"start":{"line":43,"column":46},"end":{"line":46,"column":null}},"line":43}},"branchMap":{"0":{"loc":{"start":{"line":16,"column":4},"end":{"line":16,"column":null}},"type":"if","locations":[{"start":{"line":16,"column":4},"end":{"line":16,"column":null}},{"start":{},"end":{}}],"line":16},"1":{"loc":{"start":{"line":16,"column":8},"end":{"line":16,"column":49}},"type":"binary-expr","locations":[{"start":{"line":16,"column":8},"end":{"line":16,"column":30}},{"start":{"line":16,"column":30},"end":{"line":16,"column":49}}],"line":16},"2":{"loc":{"start":{"line":19,"column":6},"end":{"line":20,"column":null}},"type":"binary-expr","locations":[{"start":{"line":19,"column":6},"end":{"line":19,"column":null}},{"start":{"line":20,"column":6},"end":{"line":20,"column":null}}],"line":19},"3":{"loc":{"start":{"line":21,"column":11},"end":{"line":21,"column":null}},"type":"cond-expr","locations":[{"start":{"line":21,"column":25},"end":{"line":21,"column":34}},{"start":{"line":21,"column":34},"end":{"line":21,"column":null}}],"line":21},"4":{"loc":{"start":{"line":26,"column":4},"end":{"line":29,"column":null}},"type":"if","locations":[{"start":{"line":26,"column":4},"end":{"line":29,"column":null}},{"start":{"line":28,"column":11},"end":{"line":29,"column":null}}],"line":26},"5":{"loc":{"start":{"line":34,"column":42},"end":{"line":34,"column":75}},"type":"cond-expr","locations":[{"start":{"line":34,"column":58},"end":{"line":34,"column":67}},{"start":{"line":34,"column":67},"end":{"line":34,"column":75}}],"line":34},"6":{"loc":{"start":{"line":45,"column":2},"end":{"line":45,"column":null}},"type":"if","locations":[{"start":{"line":45,"column":2},"end":{"line":45,"column":null}},{"start":{},"end":{}}],"line":45}},"s":{"0":1,"1":1,"2":1,"3":1,"4":0,"5":1,"6":1,"7":1,"8":1,"9":1,"10":0,"11":1,"12":1,"13":1,"14":0,"15":0,"16":1,"17":0,"18":0,"19":0,"20":0},"f":{"0":1,"1":1,"2":1,"3":0,"4":0,"5":0},"b":{"0":[0,1],"1":[1,1],"2":[1,0],"3":[0,1],"4":[0,1],"5":[0,0],"6":[0,0]},"meta":{"lastBranch":7,"lastFunction":6,"lastStatement":21,"seen":{"s:10:6:10:66":0,"f:12:16:12:30":0,"s:13:16:22:Infinity":1,"f:13:28:13:50":1,"s:15:19:15:58":2,"b:16:4:16:Infinity:undefined:undefined:undefined:undefined":0,"s:16:4:16:Infinity":3,"b:16:8:16:30:16:30:16:49":1,"s:16:49:16:Infinity":4,"s:19:6:20:Infinity":5,"b:19:6:19:Infinity:20:6:20:Infinity":2,"s:21:4:21:Infinity":6,"b:21:25:21:34:21:34:21:Infinity":3,"s:24:2:32:Infinity":7,"f:24:2:24:18":2,"s:25:17:25:Infinity":8,"b:26:4:29:Infinity:28:11:29:Infinity":4,"s:26:4:29:Infinity":9,"s:27:6:27:Infinity":10,"s:29:6:29:Infinity":11,"s:31:4:31:Infinity":12,"s:34:8:34:75":13,"f:34:8:34:28":3,"s:34:28:34:75":14,"f:34:28:34:37":4,"s:34:42:34:75":15,"b:34:58:34:67:34:67:34:75":5,"s:36:2:39:Infinity":16,"f:43:16:43:46":5,"s:44:8:44:38":17,"b:45:2:45:Infinity:undefined:undefined:undefined:undefined":6,"s:45:2:45:Infinity":18,"s:45:12:45:Infinity":19,"s:46:2:46:Infinity":20}}}
,"C:\\Users\\Glauber\\codes\\ReqStudio\\reqstudio\\reqstudio-ui\\src\\hooks\\useProjects.ts": {"path":"C:\\Users\\Glauber\\codes\\ReqStudio\\reqstudio\\reqstudio-ui\\src\\hooks\\useProjects.ts","statementMap":{"0":{"start":{"line":9,"column":13},"end":{"line":9,"column":75}},"1":{"start":{"line":9,"column":55},"end":{"line":9,"column":75}},"2":{"start":{"line":12,"column":2},"end":{"line":16,"column":null}},"3":{"start":{"line":14,"column":19},"end":{"line":14,"column":61}},"4":{"start":{"line":14,"column":54},"end":{"line":14,"column":61}}},"fnMap":{"0":{"name":"(anonymous_0)","decl":{"start":{"line":9,"column":13},"end":{"line":9,"column":33}},"loc":{"start":{"line":9,"column":55},"end":{"line":9,"column":75}},"line":9},"1":{"name":"useProjects","decl":{"start":{"line":11,"column":16},"end":{"line":11,"column":28}},"loc":{"start":{"line":11,"column":47},"end":{"line":16,"column":null}},"line":11},"2":{"name":"(anonymous_2)","decl":{"start":{"line":14,"column":4},"end":{"line":14,"column":19}},"loc":{"start":{"line":14,"column":19},"end":{"line":14,"column":61}},"line":14},"3":{"name":"(anonymous_3)","decl":{"start":{"line":14,"column":44},"end":{"line":14,"column":49}},"loc":{"start":{"line":14,"column":54},"end":{"line":14,"column":61}},"line":14}},"branchMap":{"0":{"loc":{"start":{"line":9,"column":33},"end":{"line":9,"column":55}},"type":"default-arg","locations":[{"start":{"line":9,"column":42},"end":{"line":9,"column":55}}],"line":9},"1":{"loc":{"start":{"line":11,"column":28},"end":{"line":11,"column":47}},"type":"default-arg","locations":[{"start":{"line":11,"column":37},"end":{"line":11,"column":47}}],"line":11}},"s":{"0":4,"1":16,"2":7,"3":5,"4":4},"f":{"0":16,"1":7,"2":5,"3":4},"b":{"0":[16],"1":[7]},"meta":{"lastBranch":2,"lastFunction":4,"lastStatement":5,"seen":{"s:9:13:9:75":0,"f:9:13:9:33":0,"s:9:55:9:75":1,"b:9:42:9:55":0,"f:11:16:11:28":1,"b:11:37:11:47":1,"s:12:2:16:Infinity":2,"f:14:4:14:19":2,"s:14:19:14:61":3,"f:14:44:14:49":3,"s:14:54:14:61":4}}}
,"C:\\Users\\Glauber\\codes\\ReqStudio\\reqstudio\\reqstudio-ui\\src\\lib\\utils.ts": {"path":"C:\\Users\\Glauber\\codes\\ReqStudio\\reqstudio\\reqstudio-ui\\src\\lib\\utils.ts","statementMap":{"0":{"start":{"line":5,"column":2},"end":{"line":5,"column":null}}},"fnMap":{"0":{"name":"cn","decl":{"start":{"line":4,"column":16},"end":{"line":4,"column":19}},"loc":{"start":{"line":4,"column":44},"end":{"line":5,"column":null}},"line":4}},"branchMap":{},"s":{"0":452},"f":{"0":452},"b":{},"meta":{"lastBranch":0,"lastFunction":1,"lastStatement":1,"seen":{"f:4:16:4:19":0,"s:5:2:5:Infinity":0}}}
,"C:\\Users\\Glauber\\codes\\ReqStudio\\reqstudio\\reqstudio-ui\\src\\services\\apiClient.ts": {"path":"C:\\Users\\Glauber\\codes\\ReqStudio\\reqstudio\\reqstudio-ui\\src\\services\\apiClient.ts","statementMap":{"0":{"start":{"line":11,"column":17},"end":{"line":11,"column":null}},"1":{"start":{"line":25,"column":4},"end":{"line":25,"column":null}},"2":{"start":{"line":26,"column":4},"end":{"line":26,"column":null}},"3":{"start":{"line":27,"column":4},"end":{"line":27,"column":null}},"4":{"start":{"line":32,"column":33},"end":{"line":32,"column":null}},"5":{"start":{"line":34,"column":34},"end":{"line":34,"column":null}},"6":{"start":{"line":37,"column":2},"end":{"line":37,"column":null}},"7":{"start":{"line":41,"column":2},"end":{"line":41,"column":null}},"8":{"start":{"line":45,"column":14},"end":{"line":48,"column":null}},"9":{"start":{"line":49,"column":2},"end":{"line":49,"column":null}},"10":{"start":{"line":49,"column":15},"end":{"line":49,"column":null}},"11":{"start":{"line":50,"column":15},"end":{"line":50,"column":30}},"12":{"start":{"line":51,"column":16},"end":{"line":51,"column":null}},"13":{"start":{"line":52,"column":2},"end":{"line":52,"column":null}},"14":{"start":{"line":52,"column":13},"end":{"line":52,"column":null}},"15":{"start":{"line":53,"column":2},"end":{"line":53,"column":null}},"16":{"start":{"line":61,"column":42},"end":{"line":64,"column":null}},"17":{"start":{"line":66,"column":2},"end":{"line":67,"column":null}},"18":{"start":{"line":67,"column":4},"end":{"line":67,"column":null}},"19":{"start":{"line":70,"column":14},"end":{"line":74,"column":null}},"20":{"start":{"line":77,"column":2},"end":{"line":88,"column":null}},"21":{"start":{"line":78,"column":21},"end":{"line":78,"column":46}},"22":{"start":{"line":79,"column":4},"end":{"line":80,"column":null}},"23":{"start":{"line":80,"column":6},"end":{"line":80,"column":null}},"24":{"start":{"line":83,"column":4},"end":{"line":83,"column":null}},"25":{"start":{"line":84,"column":17},"end":{"line":84,"column":50}},"26":{"start":{"line":84,"column":47},"end":{"line":84,"column":49}},"27":{"start":{"line":85,"column":4},"end":{"line":88,"column":null}},"28":{"start":{"line":91,"column":15},"end":{"line":91,"column":30}},"29":{"start":{"line":92,"column":2},"end":{"line":93,"column":null}},"30":{"start":{"line":93,"column":4},"end":{"line":93,"column":null}},"31":{"start":{"line":95,"column":2},"end":{"line":95,"column":null}},"32":{"start":{"line":113,"column":23},"end":{"line":136,"column":null}},"33":{"start":{"line":115,"column":4},"end":{"line":118,"column":6}},"34":{"start":{"line":121,"column":4},"end":{"line":124,"column":6}},"35":{"start":{"line":127,"column":4},"end":{"line":127,"column":74}},"36":{"start":{"line":129,"column":12},"end":{"line":129,"column":50}},"37":{"start":{"line":132,"column":4},"end":{"line":135,"column":null}},"38":{"start":{"line":135,"column":19},"end":{"line":135,"column":null}}},"fnMap":{"0":{"name":"(anonymous_0)","decl":{"start":{"line":24,"column":2},"end":{"line":24,"column":14}},"loc":{"start":{"line":24,"column":51},"end":{"line":27,"column":null}},"line":24},"1":{"name":"setAccessToken","decl":{"start":{"line":36,"column":16},"end":{"line":36,"column":31}},"loc":{"start":{"line":36,"column":53},"end":{"line":37,"column":null}},"line":36},"2":{"name":"getAccessToken","decl":{"start":{"line":40,"column":16},"end":{"line":40,"column":48}},"loc":{"start":{"line":40,"column":48},"end":{"line":41,"column":null}},"line":40},"3":{"name":"refreshAccessToken","decl":{"start":{"line":44,"column":15},"end":{"line":44,"column":60}},"loc":{"start":{"line":44,"column":60},"end":{"line":53,"column":null}},"line":44},"4":{"name":"request","decl":{"start":{"line":56,"column":15},"end":{"line":56,"column":null}},"loc":{"start":{"line":60,"column":14},"end":{"line":95,"column":null}},"line":60},"5":{"name":"(anonymous_5)","decl":{"start":{"line":84,"column":34},"end":{"line":84,"column":47}},"loc":{"start":{"line":84,"column":47},"end":{"line":84,"column":49}},"line":84},"6":{"name":"(anonymous_6)","decl":{"start":{"line":114,"column":2},"end":{"line":114,"column":13}},"loc":{"start":{"line":115,"column":4},"end":{"line":118,"column":6}},"line":115},"7":{"name":"(anonymous_7)","decl":{"start":{"line":120,"column":2},"end":{"line":120,"column":10}},"loc":{"start":{"line":121,"column":4},"end":{"line":124,"column":6}},"line":121},"8":{"name":"(anonymous_8)","decl":{"start":{"line":126,"column":2},"end":{"line":126,"column":null}},"loc":{"start":{"line":127,"column":4},"end":{"line":127,"column":74}},"line":127},"9":{"name":"(anonymous_9)","decl":{"start":{"line":129,"column":2},"end":{"line":129,"column":12}},"loc":{"start":{"line":129,"column":12},"end":{"line":129,"column":50}},"line":129},"10":{"name":"(anonymous_10)","decl":{"start":{"line":131,"column":2},"end":{"line":131,"column":null}},"loc":{"start":{"line":132,"column":4},"end":{"line":135,"column":null}},"line":132},"11":{"name":"(anonymous_11)","decl":{"start":{"line":135,"column":7},"end":{"line":135,"column":19}},"loc":{"start":{"line":135,"column":19},"end":{"line":135,"column":null}},"line":135}},"branchMap":{"0":{"loc":{"start":{"line":11,"column":17},"end":{"line":11,"column":null}},"type":"binary-expr","locations":[{"start":{"line":11,"column":17},"end":{"line":11,"column":49}},{"start":{"line":11,"column":49},"end":{"line":11,"column":null}}],"line":11},"1":{"loc":{"start":{"line":49,"column":2},"end":{"line":49,"column":null}},"type":"if","locations":[{"start":{"line":49,"column":2},"end":{"line":49,"column":null}},{"start":{},"end":{}}],"line":49},"2":{"loc":{"start":{"line":51,"column":16},"end":{"line":51,"column":null}},"type":"binary-expr","locations":[{"start":{"line":51,"column":16},"end":{"line":51,"column":44}},{"start":{"line":51,"column":44},"end":{"line":51,"column":null}}],"line":51},"3":{"loc":{"start":{"line":52,"column":2},"end":{"line":52,"column":null}},"type":"if","locations":[{"start":{"line":52,"column":2},"end":{"line":52,"column":null}},{"start":{},"end":{}}],"line":52},"4":{"loc":{"start":{"line":59,"column":2},"end":{"line":59,"column":null}},"type":"default-arg","locations":[{"start":{"line":59,"column":12},"end":{"line":59,"column":null}}],"line":59},"5":{"loc":{"start":{"line":66,"column":2},"end":{"line":67,"column":null}},"type":"if","locations":[{"start":{"line":66,"column":2},"end":{"line":67,"column":null}},{"start":{},"end":{}}],"line":66},"6":{"loc":{"start":{"line":77,"column":2},"end":{"line":88,"column":null}},"type":"if","locations":[{"start":{"line":77,"column":2},"end":{"line":88,"column":null}},{"start":{},"end":{}}],"line":77},"7":{"loc":{"start":{"line":77,"column":6},"end":{"line":77,"column":66}},"type":"binary-expr","locations":[{"start":{"line":77,"column":6},"end":{"line":77,"column":28}},{"start":{"line":77,"column":28},"end":{"line":77,"column":40}},{"start":{"line":77,"column":40},"end":{"line":77,"column":66}}],"line":77},"8":{"loc":{"start":{"line":79,"column":4},"end":{"line":80,"column":null}},"type":"if","locations":[{"start":{"line":79,"column":4},"end":{"line":80,"column":null}},{"start":{},"end":{}}],"line":79},"9":{"loc":{"start":{"line":86,"column":6},"end":{"line":86,"column":null}},"type":"binary-expr","locations":[{"start":{"line":86,"column":6},"end":{"line":86,"column":20}},{"start":{"line":86,"column":20},"end":{"line":86,"column":null}}],"line":86},"10":{"loc":{"start":{"line":92,"column":2},"end":{"line":93,"column":null}},"type":"if","locations":[{"start":{"line":92,"column":2},"end":{"line":93,"column":null}},{"start":{},"end":{}}],"line":92}},"s":{"0":6,"1":2,"2":2,"3":2,"4":6,"5":6,"6":0,"7":0,"8":0,"9":0,"10":0,"11":0,"12":0,"13":0,"14":0,"15":0,"16":1,"17":1,"18":0,"19":1,"20":0,"21":0,"22":0,"23":0,"24":0,"25":0,"26":0,"27":0,"28":0,"29":0,"30":0,"31":0,"32":6,"33":0,"34":0,"35":1,"36":0,"37":0,"38":0},"f":{"0":2,"1":0,"2":0,"3":0,"4":1,"5":0,"6":0,"7":0,"8":1,"9":0,"10":0,"11":0},"b":{"0":[6,0],"1":[0,0],"2":[0,0],"3":[0,0],"4":[1],"5":[0,1],"6":[0,0],"7":[0,0,0],"8":[0,0],"9":[0,0],"10":[0,0]},"meta":{"lastBranch":11,"lastFunction":12,"lastStatement":39,"seen":{"s:11:17:11:Infinity":0,"b:11:17:11:49:11:49:11:Infinity":0,"f:24:2:24:14":0,"s:25:4:25:Infinity":1,"s:26:4:26:Infinity":2,"s:27:4:27:Infinity":3,"s:32:33:32:Infinity":4,"s:34:34:34:Infinity":5,"f:36:16:36:31":1,"s:37:2:37:Infinity":6,"f:40:16:40:48":2,"s:41:2:41:Infinity":7,"f:44:15:44:60":3,"s:45:14:48:Infinity":8,"b:49:2:49:Infinity:undefined:undefined:undefined:undefined":1,"s:49:2:49:Infinity":9,"s:49:15:49:Infinity":10,"s:50:15:50:30":11,"s:51:16:51:Infinity":12,"b:51:16:51:44:51:44:51:Infinity":2,"b:52:2:52:Infinity:undefined:undefined:undefined:undefined":3,"s:52:2:52:Infinity":13,"s:52:13:52:Infinity":14,"s:53:2:53:Infinity":15,"f:56:15:56:Infinity":4,"b:59:12:59:Infinity":4,"s:61:42:64:Infinity":16,"b:66:2:67:Infinity:undefined:undefined:undefined:undefined":5,"s:66:2:67:Infinity":17,"s:67:4:67:Infinity":18,"s:70:14:74:Infinity":19,"b:77:2:88:Infinity:undefined:undefined:undefined:undefined":6,"s:77:2:88:Infinity":20,"b:77:6:77:28:77:28:77:40:77:40:77:66":7,"s:78:21:78:46":21,"b:79:4:80:Infinity:undefined:undefined:undefined:undefined":8,"s:79:4:80:Infinity":22,"s:80:6:80:Infinity":23,"s:83:4:83:Infinity":24,"s:84:17:84:50":25,"f:84:34:84:47":5,"s:84:47:84:49":26,"s:85:4:88:Infinity":27,"b:86:6:86:20:86:20:86:Infinity":9,"s:91:15:91:30":28,"b:92:2:93:Infinity:undefined:undefined:undefined:undefined":10,"s:92:2:93:Infinity":29,"s:93:4:93:Infinity":30,"s:95:2:95:Infinity":31,"s:113:23:136:Infinity":32,"f:114:2:114:13":6,"s:115:4:118:6":33,"f:120:2:120:10":7,"s:121:4:124:6":34,"f:126:2:126:Infinity":8,"s:127:4:127:74":35,"f:129:2:129:12":9,"s:129:12:129:50":36,"f:131:2:131:Infinity":10,"s:132:4:135:Infinity":37,"f:135:7:135:19":11,"s:135:19:135:Infinity":38}}}
,"C:\\Users\\Glauber\\codes\\ReqStudio\\reqstudio\\reqstudio-ui\\src\\services\\projectsApi.ts": {"path":"C:\\Users\\Glauber\\codes\\ReqStudio\\reqstudio\\reqstudio-ui\\src\\services\\projectsApi.ts","statementMap":{"0":{"start":{"line":8,"column":17},"end":{"line":8,"column":null}},"1":{"start":{"line":11,"column":42},"end":{"line":14,"column":null}},"2":{"start":{"line":15,"column":8},"end":{"line":15,"column":31}},"3":{"start":{"line":16,"column":2},"end":{"line":16,"column":null}},"4":{"start":{"line":16,"column":13},"end":{"line":16,"column":null}},"5":{"start":{"line":18,"column":14},"end":{"line":22,"column":null}},"6":{"start":{"line":24,"column":15},"end":{"line":24,"column":30}},"7":{"start":{"line":25,"column":2},"end":{"line":25,"column":null}},"8":{"start":{"line":25,"column":15},"end":{"line":25,"column":null}},"9":{"start":{"line":26,"column":2},"end":{"line":26,"column":null}},"10":{"start":{"line":66,"column":27},"end":{"line":86,"column":null}},"11":{"start":{"line":68,"column":4},"end":{"line":69,"column":null}},"12":{"start":{"line":73,"column":4},"end":{"line":73,"column":56}},"13":{"start":{"line":76,"column":4},"end":{"line":79,"column":6}},"14":{"start":{"line":82,"column":4},"end":{"line":85,"column":null}}},"fnMap":{"0":{"name":"request","decl":{"start":{"line":10,"column":15},"end":{"line":10,"column":26}},"loc":{"start":{"line":10,"column":72},"end":{"line":26,"column":null}},"line":10},"1":{"name":"(anonymous_1)","decl":{"start":{"line":67,"column":2},"end":{"line":67,"column":9}},"loc":{"start":{"line":68,"column":4},"end":{"line":69,"column":null}},"line":68},"2":{"name":"(anonymous_2)","decl":{"start":{"line":72,"column":2},"end":{"line":72,"column":8}},"loc":{"start":{"line":73,"column":4},"end":{"line":73,"column":56}},"line":73},"3":{"name":"(anonymous_3)","decl":{"start":{"line":75,"column":2},"end":{"line":75,"column":11}},"loc":{"start":{"line":76,"column":4},"end":{"line":79,"column":6}},"line":76},"4":{"name":"(anonymous_4)","decl":{"start":{"line":81,"column":2},"end":{"line":81,"column":11}},"loc":{"start":{"line":82,"column":4},"end":{"line":85,"column":null}},"line":82}},"branchMap":{"0":{"loc":{"start":{"line":8,"column":17},"end":{"line":8,"column":null}},"type":"binary-expr","locations":[{"start":{"line":8,"column":17},"end":{"line":8,"column":49}},{"start":{"line":8,"column":49},"end":{"line":8,"column":null}}],"line":8},"1":{"loc":{"start":{"line":16,"column":2},"end":{"line":16,"column":null}},"type":"if","locations":[{"start":{"line":16,"column":2},"end":{"line":16,"column":null}},{"start":{},"end":{}}],"line":16},"2":{"loc":{"start":{"line":25,"column":2},"end":{"line":25,"column":null}},"type":"if","locations":[{"start":{"line":25,"column":2},"end":{"line":25,"column":null}},{"start":{},"end":{}}],"line":25},"3":{"loc":{"start":{"line":67,"column":9},"end":{"line":67,"column":28}},"type":"default-arg","locations":[{"start":{"line":67,"column":18},"end":{"line":67,"column":28}}],"line":67},"4":{"loc":{"start":{"line":67,"column":28},"end":{"line":67,"column":38}},"type":"default-arg","locations":[{"start":{"line":67,"column":35},"end":{"line":67,"column":38}}],"line":67},"5":{"loc":{"start":{"line":67,"column":38},"end":{"line":67,"column":null}},"type":"default-arg","locations":[{"start":{"line":67,"column":45},"end":{"line":67,"column":null}}],"line":67}},"s":{"0":4,"1":0,"2":0,"3":0,"4":0,"5":0,"6":0,"7":0,"8":0,"9":0,"10":4,"11":0,"12":0,"13":0,"14":0},"f":{"0":0,"1":0,"2":0,"3":0,"4":0},"b":{"0":[4,0],"1":[0,0],"2":[0,0],"3":[0],"4":[0],"5":[0]},"meta":{"lastBranch":6,"lastFunction":5,"lastStatement":15,"seen":{"s:8:17:8:Infinity":0,"b:8:17:8:49:8:49:8:Infinity":0,"f:10:15:10:26":0,"s:11:42:14:Infinity":1,"s:15:8:15:31":2,"b:16:2:16:Infinity:undefined:undefined:undefined:undefined":1,"s:16:2:16:Infinity":3,"s:16:13:16:Infinity":4,"s:18:14:22:Infinity":5,"s:24:15:24:30":6,"b:25:2:25:Infinity:undefined:undefined:undefined:undefined":2,"s:25:2:25:Infinity":7,"s:25:15:25:Infinity":8,"s:26:2:26:Infinity":9,"s:66:27:86:Infinity":10,"f:67:2:67:9":1,"s:68:4:69:Infinity":11,"b:67:18:67:28":3,"b:67:35:67:38":4,"b:67:45:67:Infinity":5,"f:72:2:72:8":2,"s:73:4:73:56":12,"f:75:2:75:11":3,"s:76:4:79:6":13,"f:81:2:81:11":4,"s:82:4:85:Infinity":14}}}
,"C:\\Users\\Glauber\\codes\\ReqStudio\\reqstudio\\reqstudio-ui\\src\\test\\utils.tsx": {"path":"C:\\Users\\Glauber\\codes\\ReqStudio\\reqstudio\\reqstudio-ui\\src\\test\\utils.tsx","statementMap":{"0":{"start":{"line":14,"column":2},"end":{"line":18,"column":null}},"1":{"start":{"line":27,"column":13},"end":{"line":27,"column":21}},"2":{"start":{"line":28,"column":2},"end":{"line":33,"column":null}},"3":{"start":{"line":37,"column":6},"end":{"line":47,"column":null}},"4":{"start":{"line":41,"column":38},"end":{"line":41,"column":51}},"5":{"start":{"line":42,"column":2},"end":{"line":47,"column":null}},"6":{"start":{"line":44,"column":6},"end":{"line":44,"column":null}}},"fnMap":{"0":{"name":"makeQC","decl":{"start":{"line":13,"column":9},"end":{"line":13,"column":18}},"loc":{"start":{"line":13,"column":18},"end":{"line":18,"column":null}},"line":13},"1":{"name":"AllProviders","decl":{"start":{"line":26,"column":9},"end":{"line":26,"column":22}},"loc":{"start":{"line":26,"column":74},"end":{"line":33,"column":null}},"line":26},"2":{"name":"(anonymous_2)","decl":{"start":{"line":37,"column":6},"end":{"line":37,"column":null}},"loc":{"start":{"line":40,"column":5},"end":{"line":47,"column":null}},"line":40},"3":{"name":"(anonymous_3)","decl":{"start":{"line":43,"column":4},"end":{"line":43,"column":14}},"loc":{"start":{"line":44,"column":6},"end":{"line":44,"column":null}},"line":44}},"branchMap":{"0":{"loc":{"start":{"line":26,"column":34},"end":{"line":26,"column":56}},"type":"default-arg","locations":[{"start":{"line":26,"column":51},"end":{"line":26,"column":56}}],"line":26},"1":{"loc":{"start":{"line":41,"column":38},"end":{"line":41,"column":51}},"type":"binary-expr","locations":[{"start":{"line":41,"column":38},"end":{"line":41,"column":49}},{"start":{"line":41,"column":49},"end":{"line":41,"column":51}}],"line":41}},"s":{"0":37,"1":37,"2":37,"3":5,"4":37,"5":37,"6":37},"f":{"0":37,"1":37,"2":37,"3":37},"b":{"0":[37],"1":[37,33]},"meta":{"lastBranch":2,"lastFunction":4,"lastStatement":7,"seen":{"f:13:9:13:18":0,"s:14:2:18:Infinity":0,"f:26:9:26:22":1,"b:26:51:26:56":0,"s:27:13:27:21":1,"s:28:2:33:Infinity":2,"s:37:6:47:Infinity":3,"f:37:6:37:Infinity":2,"s:41:38:41:51":4,"b:41:38:41:49:41:49:41:51":1,"s:42:2:47:Infinity":5,"f:43:4:43:14":3,"s:44:6:44:Infinity":6}}}
}
